{"numFailedTestSuites":3,"numFailedTests":4,"numPassedTestSuites":12,"numPassedTests":164,"numPendingTestSuites":0,"numPendingTests":0,"numRuntimeErrorTestSuites":0,"numTodoTests":0,"numTotalTestSuites":15,"numTotalTests":168,"openHandles":[],"snapshot":{"added":0,"didUpdate":false,"failure":false,"filesAdded":0,"filesRemoved":0,"filesRemovedList":[],"filesUnmatched":0,"filesUpdated":0,"matched":0,"total":0,"unchecked":0,"uncheckedKeysByFile":[],"unmatched":0,"updated":0},"startTime":1772483130016,"success":false,"testResults":[{"assertionResults":[{"ancestorTitles":["ADMIN — Contrôle d'accès"],"duration":941,"failing":false,"failureDetails":[],"failureMessages":[],"fullName":"ADMIN — Contrôle d'accès ✅ Requête avec role=\"admin\" → accès autorisé","invocations":1,"location":null,"numPassingAsserts":2,"retryReasons":[],"startAt":1772483130580,"status":"passed","title":"✅ Requête avec role=\"admin\" → accès autorisé"},{"ancestorTitles":["ADMIN — Contrôle d'accès"],"duration":440,"failing":false,"failureDetails":[],"failureMessages":[],"fullName":"ADMIN — Contrôle d'accès ❌ Requête avec role=\"user\" → accès limité","invocations":1,"location":null,"numPassingAsserts":1,"retryReasons":[],"startAt":1772483131522,"status":"passed","title":"❌ Requête avec role=\"user\" → accès limité"},{"ancestorTitles":["ADMIN — Gestion utilisateurs"],"duration":1048,"failing":false,"failureDetails":[],"failureMessages":[],"fullName":"ADMIN — Gestion utilisateurs ✅ Lister tous les users → retourne la liste complète","invocations":1,"location":null,"numPassingAsserts":2,"retryReasons":[],"startAt":1772483132073,"status":"passed","title":"✅ Lister tous les users → retourne la liste complète"},{"ancestorTitles":["ADMIN — Gestion utilisateurs"],"duration":683,"failing":false,"failureDetails":[],"failureMessages":[],"fullName":"ADMIN — Gestion utilisateurs ✅ Vérifier un user → is_verified passe à true","invocations":1,"location":null,"numPassingAsserts":2,"retryReasons":[],"startAt":1772483133121,"status":"passed","title":"✅ Vérifier un user → is_verified passe à true"},{"ancestorTitles":["ADMIN — Gestion utilisateurs"],"duration":757,"failing":false,"failureDetails":[],"failureMessages":[],"fullName":"ADMIN — Gestion utilisateurs ✅ Attribuer premium → is_premium passe à true","invocations":1,"location":null,"numPassingAsserts":2,"retryReasons":[],"startAt":1772483133805,"status":"passed","title":"✅ Attribuer premium → is_premium passe à true"},{"ancestorTitles":["ADMIN — Gestion utilisateurs"],"duration":809,"failing":false,"failureDetails":[],"failureMessages":[],"fullName":"ADMIN — Gestion utilisateurs ✅ Révoquer premium → is_premium repasse à false","invocations":1,"location":null,"numPassingAsserts":2,"retryReasons":[],"startAt":1772483134562,"status":"passed","title":"✅ Révoquer premium → is_premium repasse à false"},{"ancestorTitles":["ADMIN — Gestion utilisateurs"],"duration":731,"failing":false,"failureDetails":[{"matcherResult":{"actual":1,"expected":0,"message":"\u001b[2mexpect(\u001b[22m\u001b[31mreceived\u001b[39m\u001b[2m).\u001b[22mtoBe\u001b[2m(\u001b[22m\u001b[32mexpected\u001b[39m\u001b[2m) // Object.is equality\u001b[22m\n\nExpected: \u001b[32m0\u001b[39m\nReceived: \u001b[31m1\u001b[39m","name":"toBe","pass":false}}],"failureMessages":["Error: \u001b[2mexpect(\u001b[22m\u001b[31mreceived\u001b[39m\u001b[2m).\u001b[22mtoBe\u001b[2m(\u001b[22m\u001b[32mexpected\u001b[39m\u001b[2m) // Object.is equality\u001b[22m\n\nExpected: \u001b[32m0\u001b[39m\nReceived: \u001b[31m1\u001b[39m\n    at Object.<anonymous> (C:\\Users\\kabra\\rork-versus-sport-connect\\__tests__\\e2e\\11-admin.test.ts:126:26)\n    at processTicksAndRejections (node:internal/process/task_queues:103:5)"],"fullName":"ADMIN — Gestion utilisateurs ✅ Supprimer un user → user retiré de la BDD","invocations":1,"location":null,"numPassingAsserts":2,"retryReasons":[],"startAt":1772483135372,"status":"failed","title":"✅ Supprimer un user → user retiré de la BDD"},{"ancestorTitles":["ADMIN — Gestion matchs"],"duration":778,"failing":false,"failureDetails":[],"failureMessages":[],"fullName":"ADMIN — Gestion matchs ✅ Admin supprime n'importe quel match → OK","invocations":1,"location":null,"numPassingAsserts":1,"retryReasons":[],"startAt":1772483136246,"status":"passed","title":"✅ Admin supprime n'importe quel match → OK"},{"ancestorTitles":["ADMIN — Gestion matchs"],"duration":836,"failing":false,"failureDetails":[],"failureMessages":[],"fullName":"ADMIN — Gestion matchs ✅ Admin modifie n'importe quel match → OK","invocations":1,"location":null,"numPassingAsserts":2,"retryReasons":[],"startAt":1772483137025,"status":"passed","title":"✅ Admin modifie n'importe quel match → OK"},{"ancestorTitles":["ADMIN — Statistiques globales"],"duration":904,"failing":false,"failureDetails":[],"failureMessages":[],"fullName":"ADMIN — Statistiques globales ✅ Count users → chiffre correct","invocations":1,"location":null,"numPassingAsserts":2,"retryReasons":[],"startAt":1772483138205,"status":"passed","title":"✅ Count users → chiffre correct"},{"ancestorTitles":["ADMIN — Statistiques globales"],"duration":1058,"failing":false,"failureDetails":[],"failureMessages":[],"fullName":"ADMIN — Statistiques globales ✅ Count matchs créés → chiffre correct","invocations":1,"location":null,"numPassingAsserts":2,"retryReasons":[],"startAt":1772483139109,"status":"passed","title":"✅ Count matchs créés → chiffre correct"}],"endTime":1772483140519,"message":"\u001b[1m\u001b[31m  \u001b[1m● \u001b[22m\u001b[1mADMIN — Gestion utilisateurs › ✅ Supprimer un user → user retiré de la BDD\u001b[39m\u001b[22m\n\n    \u001b[2mexpect(\u001b[22m\u001b[31mreceived\u001b[39m\u001b[2m).\u001b[22mtoBe\u001b[2m(\u001b[22m\u001b[32mexpected\u001b[39m\u001b[2m) // Object.is equality\u001b[22m\n\n    Expected: \u001b[32m0\u001b[39m\n    Received: \u001b[31m1\u001b[39m\n\u001b[2m\u001b[22m\n\u001b[2m    \u001b[0m \u001b[90m 124 |\u001b[39m\u001b[22m\n\u001b[2m     \u001b[90m 125 |\u001b[39m     expect(data)\u001b[33m.\u001b[39mtoBeDefined()\u001b[33m;\u001b[39m\u001b[22m\n\u001b[2m    \u001b[31m\u001b[1m>\u001b[22m\u001b[2m\u001b[39m\u001b[90m 126 |\u001b[39m     expect(data\u001b[33m!\u001b[39m\u001b[33m.\u001b[39mlength)\u001b[33m.\u001b[39mtoBe(\u001b[35m0\u001b[39m)\u001b[33m;\u001b[39m\u001b[22m\n\u001b[2m     \u001b[90m     |\u001b[39m                          \u001b[31m\u001b[1m^\u001b[22m\u001b[2m\u001b[39m\u001b[22m\n\u001b[2m     \u001b[90m 127 |\u001b[39m   })\u001b[33m;\u001b[39m\u001b[22m\n\u001b[2m     \u001b[90m 128 |\u001b[39m })\u001b[33m;\u001b[39m\u001b[22m\n\u001b[2m     \u001b[90m 129 |\u001b[39m\u001b[0m\u001b[22m\n\u001b[2m\u001b[22m\n\u001b[2m      \u001b[2mat Object.<anonymous> (\u001b[22m\u001b[2m\u001b[0m\u001b[36m__tests__/e2e/11-admin.test.ts\u001b[39m\u001b[0m\u001b[2m:126:26)\u001b[22m\u001b[2m\u001b[22m\n","name":"C:\\Users\\kabra\\rork-versus-sport-connect\\__tests__\\e2e\\11-admin.test.ts","startTime":1772483130293,"status":"failed","summary":""},{"assertionResults":[{"ancestorTitles":["AUTH — Inscription"],"duration":401,"failing":false,"failureDetails":[],"failureMessages":[],"fullName":"AUTH — Inscription ✅ Inscription valide → user créé en BDD avec tous les champs","invocations":1,"location":null,"numPassingAsserts":9,"retryReasons":[],"startAt":1772483140581,"status":"passed","title":"✅ Inscription valide → user créé en BDD avec tous les champs"},{"ancestorTitles":["AUTH — Inscription"],"duration":874,"failing":false,"failureDetails":[],"failureMessages":[],"fullName":"AUTH — Inscription ✅ Inscription → referral_code auto-généré et unique","invocations":1,"location":null,"numPassingAsserts":3,"retryReasons":[],"startAt":1772483140983,"status":"passed","title":"✅ Inscription → referral_code auto-généré et unique"},{"ancestorTitles":["AUTH — Inscription"],"duration":405,"failing":false,"failureDetails":[],"failureMessages":[],"fullName":"AUTH — Inscription ✅ Inscription → stats JSONB initialisé","invocations":1,"location":null,"numPassingAsserts":3,"retryReasons":[],"startAt":1772483141857,"status":"passed","title":"✅ Inscription → stats JSONB initialisé"},{"ancestorTitles":["AUTH — Inscription"],"duration":686,"failing":false,"failureDetails":[],"failureMessages":[],"fullName":"AUTH — Inscription ❌ Inscription numéro déjà utilisé → erreur unique constraint","invocations":1,"location":null,"numPassingAsserts":1,"retryReasons":[],"startAt":1772483142262,"status":"passed","title":"❌ Inscription numéro déjà utilisé → erreur unique constraint"},{"ancestorTitles":["AUTH — Inscription"],"duration":710,"failing":false,"failureDetails":[],"failureMessages":[],"fullName":"AUTH — Inscription ❌ Inscription username déjà utilisé → erreur unique constraint","invocations":1,"location":null,"numPassingAsserts":1,"retryReasons":[],"startAt":1772483142948,"status":"passed","title":"❌ Inscription username déjà utilisé → erreur unique constraint"},{"ancestorTitles":["AUTH — Connexion"],"duration":425,"failing":false,"failureDetails":[],"failureMessages":[],"fullName":"AUTH — Connexion ✅ Connexion valide → retourne JWT token valide","invocations":1,"location":null,"numPassingAsserts":3,"retryReasons":[],"startAt":1772483143765,"status":"passed","title":"✅ Connexion valide → retourne JWT token valide"},{"ancestorTitles":["AUTH — Connexion"],"duration":487,"failing":false,"failureDetails":[{"matcherResult":{"message":"\u001b[2mexpect(\u001b[22m\u001b[31mreceived\u001b[39m\u001b[2m).\u001b[22mtoBeNull\u001b[2m()\u001b[22m\n\nReceived: \u001b[31m{\"hint\": \"Double check your Supabase `anon` or `service_role` API key.\", \"message\": \"Invalid API key\"}\u001b[39m","pass":false}}],"failureMessages":["Error: \u001b[2mexpect(\u001b[22m\u001b[31mreceived\u001b[39m\u001b[2m).\u001b[22mtoBeNull\u001b[2m()\u001b[22m\n\nReceived: \u001b[31m{\"hint\": \"Double check your Supabase `anon` or `service_role` API key.\", \"message\": \"Invalid API key\"}\u001b[39m\n    at Object.<anonymous> (C:\\Users\\kabra\\rork-versus-sport-connect\\__tests__\\e2e\\01-auth.test.ts:88:19)\n    at processTicksAndRejections (node:internal/process/task_queues:103:5)"],"fullName":"AUTH — Connexion ✅ Connexion valide → token peut être utilisé pour requêtes authentifiées","invocations":1,"location":null,"numPassingAsserts":0,"retryReasons":[],"startAt":1772483144190,"status":"failed","title":"✅ Connexion valide → token peut être utilisé pour requêtes authentifiées"},{"ancestorTitles":["AUTH — Profil utilisateur"],"duration":629,"failing":false,"failureDetails":[],"failureMessages":[],"fullName":"AUTH — Profil utilisateur ✅ Mise à jour first_name, last_name → persiste en BDD","invocations":1,"location":null,"numPassingAsserts":3,"retryReasons":[],"startAt":1772483144787,"status":"passed","title":"✅ Mise à jour first_name, last_name → persiste en BDD"},{"ancestorTitles":["AUTH — Profil utilisateur"],"duration":631,"failing":false,"failureDetails":[],"failureMessages":[],"fullName":"AUTH — Profil utilisateur ✅ Mise à jour favorite_sports JSONB → structure correcte persistée","invocations":1,"location":null,"numPassingAsserts":3,"retryReasons":[],"startAt":1772483145416,"status":"passed","title":"✅ Mise à jour favorite_sports JSONB → structure correcte persistée"},{"ancestorTitles":["AUTH — Profil utilisateur"],"duration":436,"failing":false,"failureDetails":[],"failureMessages":[],"fullName":"AUTH — Profil utilisateur ❌ Modifier role via API directe → bloqué","invocations":1,"location":null,"numPassingAsserts":1,"retryReasons":[],"startAt":1772483146048,"status":"passed","title":"❌ Modifier role via API directe → bloqué"},{"ancestorTitles":["AUTH — Parrainage"],"duration":856,"failing":false,"failureDetails":[],"failureMessages":[],"fullName":"AUTH — Parrainage ✅ Inscription avec referral_code valide → referred_by = UUID du parrain","invocations":1,"location":null,"numPassingAsserts":1,"retryReasons":[],"startAt":1772483146610,"status":"passed","title":"✅ Inscription avec referral_code valide → referred_by = UUID du parrain"},{"ancestorTitles":["AUTH — Parrainage"],"duration":976,"failing":false,"failureDetails":[],"failureMessages":[],"fullName":"AUTH — Parrainage ✅ Deux users ont des referral_code différents","invocations":1,"location":null,"numPassingAsserts":1,"retryReasons":[],"startAt":1772483147466,"status":"passed","title":"✅ Deux users ont des referral_code différents"}],"endTime":1772483148551,"message":"\u001b[1m\u001b[31m  \u001b[1m● \u001b[22m\u001b[1mAUTH — Connexion › ✅ Connexion valide → token peut être utilisé pour requêtes authentifiées\u001b[39m\u001b[22m\n\n    \u001b[2mexpect(\u001b[22m\u001b[31mreceived\u001b[39m\u001b[2m).\u001b[22mtoBeNull\u001b[2m()\u001b[22m\n\n    Received: \u001b[31m{\"hint\": \"Double check your Supabase `anon` or `service_role` API key.\", \"message\": \"Invalid API key\"}\u001b[39m\n\u001b[2m\u001b[22m\n\u001b[2m    \u001b[0m \u001b[90m 86 |\u001b[39m       \u001b[33m.\u001b[39msingle()\u001b[33m;\u001b[39m\u001b[22m\n\u001b[2m     \u001b[90m 87 |\u001b[39m\u001b[22m\n\u001b[2m    \u001b[31m\u001b[1m>\u001b[22m\u001b[2m\u001b[39m\u001b[90m 88 |\u001b[39m     expect(error)\u001b[33m.\u001b[39mtoBeNull()\u001b[33m;\u001b[39m\u001b[22m\n\u001b[2m     \u001b[90m    |\u001b[39m                   \u001b[31m\u001b[1m^\u001b[22m\u001b[2m\u001b[39m\u001b[22m\n\u001b[2m     \u001b[90m 89 |\u001b[39m     expect(data\u001b[33m?\u001b[39m\u001b[33m.\u001b[39mid)\u001b[33m.\u001b[39mtoBe(user\u001b[33m.\u001b[39mid)\u001b[33m;\u001b[39m\u001b[22m\n\u001b[2m     \u001b[90m 90 |\u001b[39m   })\u001b[33m;\u001b[39m\u001b[22m\n\u001b[2m     \u001b[90m 91 |\u001b[39m })\u001b[33m;\u001b[39m\u001b[0m\u001b[22m\n\u001b[2m\u001b[22m\n\u001b[2m      \u001b[2mat Object.<anonymous> (\u001b[22m\u001b[2m\u001b[0m\u001b[36m__tests__/e2e/01-auth.test.ts\u001b[39m\u001b[0m\u001b[2m:88:19)\u001b[22m\u001b[2m\u001b[22m\n","name":"C:\\Users\\kabra\\rork-versus-sport-connect\\__tests__\\e2e\\01-auth.test.ts","startTime":1772483140528,"status":"failed","summary":""},{"assertionResults":[{"ancestorTitles":["RLS — Accès non authentifié"],"duration":26,"failing":false,"failureDetails":[],"failureMessages":[],"fullName":"RLS — Accès non authentifié ❌ Lire les users → refusé ou limité","invocations":1,"location":null,"numPassingAsserts":1,"retryReasons":[],"startAt":1772483148614,"status":"passed","title":"❌ Lire les users → refusé ou limité"},{"ancestorTitles":["RLS — Accès non authentifié"],"duration":24,"failing":false,"failureDetails":[],"failureMessages":[],"fullName":"RLS — Accès non authentifié ❌ Créer quoi que ce soit → refusé","invocations":1,"location":null,"numPassingAsserts":1,"retryReasons":[],"startAt":1772483148641,"status":"passed","title":"❌ Créer quoi que ce soit → refusé"},{"ancestorTitles":["RLS — Isolation des données"],"duration":1008,"failing":false,"failureDetails":[{"matcherResult":{"message":"\u001b[2mexpect(\u001b[22m\u001b[31mreceived\u001b[39m\u001b[2m).\u001b[22mtoBeNull\u001b[2m()\u001b[22m\n\nReceived: \u001b[31m{\"hint\": \"Double check your Supabase `anon` or `service_role` API key.\", \"message\": \"Invalid API key\"}\u001b[39m","pass":false}}],"failureMessages":["Error: \u001b[2mexpect(\u001b[22m\u001b[31mreceived\u001b[39m\u001b[2m).\u001b[22mtoBeNull\u001b[2m()\u001b[22m\n\nReceived: \u001b[31m{\"hint\": \"Double check your Supabase `anon` or `service_role` API key.\", \"message\": \"Invalid API key\"}\u001b[39m\n    at Object.<anonymous> (C:\\Users\\kabra\\rork-versus-sport-connect\\__tests__\\e2e\\12-rls-security.test.ts:61:19)\n    at processTicksAndRejections (node:internal/process/task_queues:103:5)"],"fullName":"RLS — Isolation des données ❌ UserA lit les notifications de UserB → refusé","invocations":1,"location":null,"numPassingAsserts":0,"retryReasons":[],"startAt":1772483148665,"status":"failed","title":"❌ UserA lit les notifications de UserB → refusé"},{"ancestorTitles":["RLS — Isolation des données"],"duration":872,"failing":false,"failureDetails":[],"failureMessages":[],"fullName":"RLS — Isolation des données ❌ UserA modifie le profil de UserB → refusé","invocations":1,"location":null,"numPassingAsserts":1,"retryReasons":[],"startAt":1772483149676,"status":"passed","title":"❌ UserA modifie le profil de UserB → refusé"},{"ancestorTitles":["RLS — Injection et manipulation"],"duration":455,"failing":false,"failureDetails":[{"matcherResult":{"message":"\u001b[2mexpect(\u001b[22m\u001b[31mreceived\u001b[39m\u001b[2m).\u001b[22mtoBeNull\u001b[2m()\u001b[22m\n\nReceived: \u001b[31m{\"hint\": \"Double check your Supabase `anon` or `service_role` API key.\", \"message\": \"Invalid API key\"}\u001b[39m","pass":false}}],"failureMessages":["Error: \u001b[2mexpect(\u001b[22m\u001b[31mreceived\u001b[39m\u001b[2m).\u001b[22mtoBeNull\u001b[2m()\u001b[22m\n\nReceived: \u001b[31m{\"hint\": \"Double check your Supabase `anon` or `service_role` API key.\", \"message\": \"Invalid API key\"}\u001b[39m\n    at Object.<anonymous> (C:\\Users\\kabra\\rork-versus-sport-connect\\__tests__\\e2e\\12-rls-security.test.ts:99:19)\n    at processTicksAndRejections (node:internal/process/task_queues:103:5)"],"fullName":"RLS — Injection et manipulation ❌ Injection SQL dans search query → neutralisée","invocations":1,"location":null,"numPassingAsserts":0,"retryReasons":[],"startAt":1772483150783,"status":"failed","title":"❌ Injection SQL dans search query → neutralisée"},{"ancestorTitles":["RLS — Injection et manipulation"],"duration":497,"failing":false,"failureDetails":[],"failureMessages":[],"fullName":"RLS — Injection et manipulation ❌ S'attribuer le rôle admin via API → bloqué","invocations":1,"location":null,"numPassingAsserts":1,"retryReasons":[],"startAt":1772483151238,"status":"passed","title":"❌ S'attribuer le rôle admin via API → bloqué"},{"ancestorTitles":["RLS — Cohérence après bannissement"],"duration":651,"failing":false,"failureDetails":[],"failureMessages":[],"fullName":"RLS — Cohérence après bannissement ✅ User banni → ses données existantes restent en BDD","invocations":1,"location":null,"numPassingAsserts":3,"retryReasons":[],"startAt":1772483151838,"status":"passed","title":"✅ User banni → ses données existantes restent en BDD"}],"endTime":1772483152646,"message":"\u001b[1m\u001b[31m  \u001b[1m● \u001b[22m\u001b[1mRLS — Isolation des données › ❌ UserA lit les notifications de UserB → refusé\u001b[39m\u001b[22m\n\n    \u001b[2mexpect(\u001b[22m\u001b[31mreceived\u001b[39m\u001b[2m).\u001b[22mtoBeNull\u001b[2m()\u001b[22m\n\n    Received: \u001b[31m{\"hint\": \"Double check your Supabase `anon` or `service_role` API key.\", \"message\": \"Invalid API key\"}\u001b[39m\n\u001b[2m\u001b[22m\n\u001b[2m    \u001b[0m \u001b[90m 59 |\u001b[39m       \u001b[33m.\u001b[39meq(\u001b[32m'user_id'\u001b[39m\u001b[33m,\u001b[39m userB\u001b[33m.\u001b[39mid)\u001b[33m;\u001b[39m\u001b[22m\n\u001b[2m     \u001b[90m 60 |\u001b[39m\u001b[22m\n\u001b[2m    \u001b[31m\u001b[1m>\u001b[22m\u001b[2m\u001b[39m\u001b[90m 61 |\u001b[39m     expect(error)\u001b[33m.\u001b[39mtoBeNull()\u001b[33m;\u001b[39m\u001b[22m\n\u001b[2m     \u001b[90m    |\u001b[39m                   \u001b[31m\u001b[1m^\u001b[22m\u001b[2m\u001b[39m\u001b[22m\n\u001b[2m     \u001b[90m 62 |\u001b[39m     expect(\u001b[33mArray\u001b[39m\u001b[33m.\u001b[39misArray(data))\u001b[33m.\u001b[39mtoBe(\u001b[36mtrue\u001b[39m)\u001b[33m;\u001b[39m\u001b[22m\n\u001b[2m     \u001b[90m 63 |\u001b[39m     expect(data\u001b[33m!\u001b[39m\u001b[33m.\u001b[39mlength)\u001b[33m.\u001b[39mtoBe(\u001b[35m0\u001b[39m)\u001b[33m;\u001b[39m\u001b[22m\n\u001b[2m     \u001b[90m 64 |\u001b[39m   })\u001b[33m;\u001b[39m\u001b[0m\u001b[22m\n\u001b[2m\u001b[22m\n\u001b[2m      \u001b[2mat Object.<anonymous> (\u001b[22m\u001b[2m\u001b[0m\u001b[36m__tests__/e2e/12-rls-security.test.ts\u001b[39m\u001b[0m\u001b[2m:61:19)\u001b[22m\u001b[2m\u001b[22m\n\n\u001b[1m\u001b[31m  \u001b[1m● \u001b[22m\u001b[1mRLS — Injection et manipulation › ❌ Injection SQL dans search query → neutralisée\u001b[39m\u001b[22m\n\n    \u001b[2mexpect(\u001b[22m\u001b[31mreceived\u001b[39m\u001b[2m).\u001b[22mtoBeNull\u001b[2m()\u001b[22m\n\n    Received: \u001b[31m{\"hint\": \"Double check your Supabase `anon` or `service_role` API key.\", \"message\": \"Invalid API key\"}\u001b[39m\n\u001b[2m\u001b[22m\n\u001b[2m    \u001b[0m \u001b[90m  97 |\u001b[39m       \u001b[33m.\u001b[39milike(\u001b[32m'username'\u001b[39m\u001b[33m,\u001b[39m \u001b[32m`%${maliciousQuery}%`\u001b[39m)\u001b[33m;\u001b[39m\u001b[22m\n\u001b[2m     \u001b[90m  98 |\u001b[39m\u001b[22m\n\u001b[2m    \u001b[31m\u001b[1m>\u001b[22m\u001b[2m\u001b[39m\u001b[90m  99 |\u001b[39m     expect(error)\u001b[33m.\u001b[39mtoBeNull()\u001b[33m;\u001b[39m\u001b[22m\n\u001b[2m     \u001b[90m     |\u001b[39m                   \u001b[31m\u001b[1m^\u001b[22m\u001b[2m\u001b[39m\u001b[22m\n\u001b[2m     \u001b[90m 100 |\u001b[39m     expect(\u001b[33mArray\u001b[39m\u001b[33m.\u001b[39misArray(data))\u001b[33m.\u001b[39mtoBe(\u001b[36mtrue\u001b[39m)\u001b[33m;\u001b[39m\u001b[22m\n\u001b[2m     \u001b[90m 101 |\u001b[39m     expect(data\u001b[33m!\u001b[39m\u001b[33m.\u001b[39mlength)\u001b[33m.\u001b[39mtoBe(\u001b[35m0\u001b[39m)\u001b[33m;\u001b[39m\u001b[22m\n\u001b[2m     \u001b[90m 102 |\u001b[39m   })\u001b[33m;\u001b[39m\u001b[0m\u001b[22m\n\u001b[2m\u001b[22m\n\u001b[2m      \u001b[2mat Object.<anonymous> (\u001b[22m\u001b[2m\u001b[0m\u001b[36m__tests__/e2e/12-rls-security.test.ts\u001b[39m\u001b[0m\u001b[2m:99:19)\u001b[22m\u001b[2m\u001b[22m\n","name":"C:\\Users\\kabra\\rork-versus-sport-connect\\__tests__\\e2e\\12-rls-security.test.ts","startTime":1772483148559,"status":"failed","summary":""},{"assertionResults":[{"ancestorTitles":["MATCHES — Création"],"duration":625,"failing":false,"failureDetails":[],"failureMessages":[],"fullName":"MATCHES — Création ✅ Créer match complet → tous les champs insérés correctement","invocations":1,"location":null,"numPassingAsserts":5,"retryReasons":[],"startAt":1772483152706,"status":"passed","title":"✅ Créer match complet → tous les champs insérés correctement"},{"ancestorTitles":["MATCHES — Création"],"duration":620,"failing":false,"failureDetails":[],"failureMessages":[],"fullName":"MATCHES — Création ✅ title est auto-généré si absent → title != null en BDD","invocations":1,"location":null,"numPassingAsserts":3,"retryReasons":[],"startAt":1772483153331,"status":"passed","title":"✅ title est auto-généré si absent → title != null en BDD"},{"ancestorTitles":["MATCHES — Création"],"duration":628,"failing":false,"failureDetails":[],"failureMessages":[],"fullName":"MATCHES — Création ✅ match_type = \"friendly\" correctement stocké","invocations":1,"location":null,"numPassingAsserts":1,"retryReasons":[],"startAt":1772483153952,"status":"passed","title":"✅ match_type = \"friendly\" correctement stocké"},{"ancestorTitles":["MATCHES — Création"],"duration":599,"failing":false,"failureDetails":[],"failureMessages":[],"fullName":"MATCHES — Création ✅ match_type = \"ranked\" correctement stocké","invocations":1,"location":null,"numPassingAsserts":1,"retryReasons":[],"startAt":1772483154581,"status":"passed","title":"✅ match_type = \"ranked\" correctement stocké"},{"ancestorTitles":["MATCHES — Création"],"duration":636,"failing":false,"failureDetails":[],"failureMessages":[],"fullName":"MATCHES — Création ✅ start_time mappé depuis dateTime → non null en BDD","invocations":1,"location":null,"numPassingAsserts":2,"retryReasons":[],"startAt":1772483155181,"status":"passed","title":"✅ start_time mappé depuis dateTime → non null en BDD"},{"ancestorTitles":["MATCHES — Création"],"duration":592,"failing":false,"failureDetails":[],"failureMessages":[],"fullName":"MATCHES — Création ✅ registered_players = JSONB tableau vide par défaut","invocations":1,"location":null,"numPassingAsserts":2,"retryReasons":[],"startAt":1772483155818,"status":"passed","title":"✅ registered_players = JSONB tableau vide par défaut"},{"ancestorTitles":["MATCHES — Création"],"duration":630,"failing":false,"failureDetails":[],"failureMessages":[],"fullName":"MATCHES — Création ✅ player_stats = JSONB objet vide par défaut","invocations":1,"location":null,"numPassingAsserts":2,"retryReasons":[],"startAt":1772483156410,"status":"passed","title":"✅ player_stats = JSONB objet vide par défaut"},{"ancestorTitles":["MATCHES — Création"],"duration":599,"failing":false,"failureDetails":[],"failureMessages":[],"fullName":"MATCHES — Création ✅ venue_data JSONB correctement sérialisé","invocations":1,"location":null,"numPassingAsserts":2,"retryReasons":[],"startAt":1772483157041,"status":"passed","title":"✅ venue_data JSONB correctement sérialisé"},{"ancestorTitles":["MATCHES — Création"],"duration":600,"failing":false,"failureDetails":[],"failureMessages":[],"fullName":"MATCHES — Création ✅ status = \"open\" par défaut","invocations":1,"location":null,"numPassingAsserts":1,"retryReasons":[],"startAt":1772483157640,"status":"passed","title":"✅ status = \"open\" par défaut"},{"ancestorTitles":["MATCHES — Création"],"duration":709,"failing":false,"failureDetails":[],"failureMessages":[],"fullName":"MATCHES — Création ✅ needs_players = true/false correctement stocké","invocations":1,"location":null,"numPassingAsserts":2,"retryReasons":[],"startAt":1772483158241,"status":"passed","title":"✅ needs_players = true/false correctement stocké"},{"ancestorTitles":["MATCHES — Création"],"duration":515,"failing":false,"failureDetails":[],"failureMessages":[],"fullName":"MATCHES — Création ❌ entry_fee négatif → refusé","invocations":1,"location":null,"numPassingAsserts":1,"retryReasons":[],"startAt":1772483158951,"status":"passed","title":"❌ entry_fee négatif → refusé"},{"ancestorTitles":["MATCHES — Création"],"duration":514,"failing":false,"failureDetails":[],"failureMessages":[],"fullName":"MATCHES — Création ❌ max_players = 0 → refusé","invocations":1,"location":null,"numPassingAsserts":1,"retryReasons":[],"startAt":1772483159466,"status":"passed","title":"❌ max_players = 0 → refusé"},{"ancestorTitles":["MATCHES — Inscription joueurs"],"duration":1333,"failing":false,"failureDetails":[],"failureMessages":[],"fullName":"MATCHES — Inscription joueurs ✅ Rejoindre un match open → joueur ajouté dans registered_players JSONB","invocations":1,"location":null,"numPassingAsserts":4,"retryReasons":[],"startAt":1772483160414,"status":"passed","title":"✅ Rejoindre un match open → joueur ajouté dans registered_players JSONB"},{"ancestorTitles":["MATCHES — Inscription joueurs"],"duration":1238,"failing":false,"failureDetails":[],"failureMessages":[],"fullName":"MATCHES — Inscription joueurs ✅ Se désinscrire → joueur retiré du JSONB","invocations":1,"location":null,"numPassingAsserts":2,"retryReasons":[],"startAt":1772483161748,"status":"passed","title":"✅ Se désinscrire → joueur retiré du JSONB"},{"ancestorTitles":["MATCHES — Filtres et recherche"],"duration":844,"failing":false,"failureDetails":[],"failureMessages":[],"fullName":"MATCHES — Filtres et recherche ✅ Filtrer par sport → uniquement les matchs du sport retournés","invocations":1,"location":null,"numPassingAsserts":2,"retryReasons":[],"startAt":1772483163318,"status":"passed","title":"✅ Filtrer par sport → uniquement les matchs du sport retournés"},{"ancestorTitles":["MATCHES — Filtres et recherche"],"duration":830,"failing":false,"failureDetails":[],"failureMessages":[],"fullName":"MATCHES — Filtres et recherche ✅ Filtrer par statut → uniquement ce statut","invocations":1,"location":null,"numPassingAsserts":2,"retryReasons":[],"startAt":1772483164162,"status":"passed","title":"✅ Filtrer par statut → uniquement ce statut"},{"ancestorTitles":["MATCHES — Filtres et recherche"],"duration":940,"failing":false,"failureDetails":[],"failureMessages":[],"fullName":"MATCHES — Filtres et recherche ✅ Filtrer needs_players = true → uniquement les matchs cherchant joueurs","invocations":1,"location":null,"numPassingAsserts":2,"retryReasons":[],"startAt":1772483164992,"status":"passed","title":"✅ Filtrer needs_players = true → uniquement les matchs cherchant joueurs"}],"endTime":1772483166271,"message":"","name":"C:\\Users\\kabra\\rork-versus-sport-connect\\__tests__\\e2e\\02-matches-creation.test.ts","startTime":1772483152654,"status":"passed","summary":""},{"assertionResults":[{"ancestorTitles":["TYPES — Cohérence JSONB"],"duration":705,"failing":false,"failureDetails":[],"failureMessages":[],"fullName":"TYPES — Cohérence JSONB ✅ matches.registered_players est un tableau","invocations":1,"location":null,"numPassingAsserts":1,"retryReasons":[],"startAt":1772483166326,"status":"passed","title":"✅ matches.registered_players est un tableau"},{"ancestorTitles":["TYPES — Cohérence JSONB"],"duration":644,"failing":false,"failureDetails":[],"failureMessages":[],"fullName":"TYPES — Cohérence JSONB ✅ matches.player_stats est un objet","invocations":1,"location":null,"numPassingAsserts":2,"retryReasons":[],"startAt":1772483167031,"status":"passed","title":"✅ matches.player_stats est un objet"},{"ancestorTitles":["TYPES — Cohérence JSONB"],"duration":600,"failing":false,"failureDetails":[],"failureMessages":[],"fullName":"TYPES — Cohérence JSONB ✅ matches.venue_data est un objet non null","invocations":1,"location":null,"numPassingAsserts":3,"retryReasons":[],"startAt":1772483167676,"status":"passed","title":"✅ matches.venue_data est un objet non null"},{"ancestorTitles":["TYPES — Cohérence JSONB"],"duration":508,"failing":false,"failureDetails":[],"failureMessages":[],"fullName":"TYPES — Cohérence JSONB ✅ teams.members est un tableau","invocations":1,"location":null,"numPassingAsserts":2,"retryReasons":[],"startAt":1772483168276,"status":"passed","title":"✅ teams.members est un tableau"},{"ancestorTitles":["TYPES — Cohérence JSONB"],"duration":498,"failing":false,"failureDetails":[],"failureMessages":[],"fullName":"TYPES — Cohérence JSONB ✅ teams.join_requests est un tableau","invocations":1,"location":null,"numPassingAsserts":1,"retryReasons":[],"startAt":1772483168784,"status":"passed","title":"✅ teams.join_requests est un tableau"},{"ancestorTitles":["TYPES — Cohérence JSONB"],"duration":524,"failing":false,"failureDetails":[],"failureMessages":[],"fullName":"TYPES — Cohérence JSONB ✅ teams.co_captain_ids est un tableau de strings","invocations":1,"location":null,"numPassingAsserts":1,"retryReasons":[],"startAt":1772483169282,"status":"passed","title":"✅ teams.co_captain_ids est un tableau de strings"},{"ancestorTitles":["TYPES — Cohérence JSONB"],"duration":505,"failing":false,"failureDetails":[],"failureMessages":[],"fullName":"TYPES — Cohérence JSONB ✅ tournaments.registered_teams est un tableau","invocations":1,"location":null,"numPassingAsserts":1,"retryReasons":[],"startAt":1772483169806,"status":"passed","title":"✅ tournaments.registered_teams est un tableau"},{"ancestorTitles":["TYPES — Cohérence JSONB"],"duration":532,"failing":false,"failureDetails":[],"failureMessages":[],"fullName":"TYPES — Cohérence JSONB ✅ tournaments.prizes est un objet avec first, second, third","invocations":1,"location":null,"numPassingAsserts":4,"retryReasons":[],"startAt":1772483170311,"status":"passed","title":"✅ tournaments.prizes est un objet avec first, second, third"},{"ancestorTitles":["TYPES — Cohérence JSONB"],"duration":524,"failing":false,"failureDetails":[],"failureMessages":[],"fullName":"TYPES — Cohérence JSONB ✅ tournaments.managers est un tableau de strings","invocations":1,"location":null,"numPassingAsserts":1,"retryReasons":[],"startAt":1772483170843,"status":"passed","title":"✅ tournaments.managers est un tableau de strings"},{"ancestorTitles":["TYPES — Cohérence JSONB"],"duration":547,"failing":false,"failureDetails":[],"failureMessages":[],"fullName":"TYPES — Cohérence JSONB ✅ tournaments.match_ids est un tableau de strings","invocations":1,"location":null,"numPassingAsserts":1,"retryReasons":[],"startAt":1772483171367,"status":"passed","title":"✅ tournaments.match_ids est un tableau de strings"},{"ancestorTitles":["TYPES — Enums BDD"],"duration":411,"failing":false,"failureDetails":[],"failureMessages":[],"fullName":"TYPES — Enums BDD ✅ users.role : uniquement \"user\" | \"admin\" | \"premium\"","invocations":1,"location":null,"numPassingAsserts":1,"retryReasons":[],"startAt":1772483172534,"status":"passed","title":"✅ users.role : uniquement \"user\" | \"admin\" | \"premium\""},{"ancestorTitles":["TYPES — Enums BDD"],"duration":618,"failing":false,"failureDetails":[],"failureMessages":[],"fullName":"TYPES — Enums BDD ✅ matches.status : uniquement \"open\"|\"confirmed\"|\"in_progress\"|\"completed\"|\"cancelled\"","invocations":1,"location":null,"numPassingAsserts":1,"retryReasons":[],"startAt":1772483172945,"status":"passed","title":"✅ matches.status : uniquement \"open\"|\"confirmed\"|\"in_progress\"|\"completed\"|\"cancelled\""},{"ancestorTitles":["TYPES — Enums BDD"],"duration":651,"failing":false,"failureDetails":[],"failureMessages":[],"fullName":"TYPES — Enums BDD ✅ matches.match_type : uniquement \"friendly\"|\"ranked\"|\"tournament\"","invocations":1,"location":null,"numPassingAsserts":1,"retryReasons":[],"startAt":1772483173564,"status":"passed","title":"✅ matches.match_type : uniquement \"friendly\"|\"ranked\"|\"tournament\""},{"ancestorTitles":["TYPES — Enums BDD"],"duration":549,"failing":false,"failureDetails":[],"failureMessages":[],"fullName":"TYPES — Enums BDD ✅ tournaments.type : uniquement \"knockout\"|\"round_robin\"|\"mixed\"","invocations":1,"location":null,"numPassingAsserts":1,"retryReasons":[],"startAt":1772483174216,"status":"passed","title":"✅ tournaments.type : uniquement \"knockout\"|\"round_robin\"|\"mixed\""},{"ancestorTitles":["TYPES — Enums BDD"],"duration":547,"failing":false,"failureDetails":[],"failureMessages":[],"fullName":"TYPES — Enums BDD ✅ tournaments.status : uniquement \"draft\"|\"registration\"|\"in_progress\"|\"completed\"|\"cancelled\"","invocations":1,"location":null,"numPassingAsserts":1,"retryReasons":[],"startAt":1772483174765,"status":"passed","title":"✅ tournaments.status : uniquement \"draft\"|\"registration\"|\"in_progress\"|\"completed\"|\"cancelled\""},{"ancestorTitles":["TYPES — Fonctions API"],"duration":648,"failing":false,"failureDetails":[],"failureMessages":[],"fullName":"TYPES — Fonctions API ✅ Appel avec paramètres valides → retourne le type attendu","invocations":1,"location":null,"numPassingAsserts":3,"retryReasons":[],"startAt":1772483175786,"status":"passed","title":"✅ Appel avec paramètres valides → retourne le type attendu"},{"ancestorTitles":["TYPES — Fonctions API"],"duration":110,"failing":false,"failureDetails":[],"failureMessages":[],"fullName":"TYPES — Fonctions API ✅ Appel avec ID inexistant → retourne null ou tableau vide","invocations":1,"location":null,"numPassingAsserts":1,"retryReasons":[],"startAt":1772483176434,"status":"passed","title":"✅ Appel avec ID inexistant → retourne null ou tableau vide"}],"endTime":1772483176866,"message":"","name":"C:\\Users\\kabra\\rork-versus-sport-connect\\__tests__\\e2e\\13-api-types.test.ts","startTime":1772483166277,"status":"passed","summary":""},{"assertionResults":[{"ancestorTitles":["ELO — Calcul mathématique"],"duration":1030,"failing":false,"failureDetails":[],"failureMessages":[],"fullName":"ELO — Calcul mathématique ✅ PlayerA bat PlayerB → playerA gagne ~8 pts, playerB perd ~8 pts","invocations":1,"location":null,"numPassingAsserts":4,"retryReasons":[],"startAt":1772483176926,"status":"passed","title":"✅ PlayerA bat PlayerB → playerA gagne ~8 pts, playerB perd ~8 pts"},{"ancestorTitles":["ELO — Calcul mathématique"],"duration":782,"failing":false,"failureDetails":[],"failureMessages":[],"fullName":"ELO — Calcul mathématique ✅ ELO ne peut pas descendre sous 0","invocations":1,"location":null,"numPassingAsserts":2,"retryReasons":[],"startAt":1772483177956,"status":"passed","title":"✅ ELO ne peut pas descendre sous 0"},{"ancestorTitles":["ELO — Calcul mathématique"],"duration":1,"failing":false,"failureDetails":[],"failureMessages":[],"fullName":"ELO — Calcul mathématique ✅ K-factor = 40 si matches_played < 10","invocations":1,"location":null,"numPassingAsserts":1,"retryReasons":[],"startAt":1772483178738,"status":"passed","title":"✅ K-factor = 40 si matches_played < 10"},{"ancestorTitles":["ELO — Calcul mathématique"],"duration":0,"failing":false,"failureDetails":[],"failureMessages":[],"fullName":"ELO — Calcul mathématique ✅ K-factor = 20 si matches_played entre 10 et 20","invocations":1,"location":null,"numPassingAsserts":1,"retryReasons":[],"startAt":1772483178739,"status":"passed","title":"✅ K-factor = 20 si matches_played entre 10 et 20"},{"ancestorTitles":["ELO — Calcul mathématique"],"duration":1,"failing":false,"failureDetails":[],"failureMessages":[],"fullName":"ELO — Calcul mathématique ✅ K-factor = 16 si matches_played > 20","invocations":1,"location":null,"numPassingAsserts":1,"retryReasons":[],"startAt":1772483178739,"status":"passed","title":"✅ K-factor = 16 si matches_played > 20"},{"ancestorTitles":["ELO — Création automatique ranking"],"duration":502,"failing":false,"failureDetails":[],"failureMessages":[],"fullName":"ELO — Création automatique ranking ✅ Premier match ranked → player_rankings créé avec ELO=1000","invocations":1,"location":null,"numPassingAsserts":3,"retryReasons":[],"startAt":1772483178955,"status":"passed","title":"✅ Premier match ranked → player_rankings créé avec ELO=1000"},{"ancestorTitles":["ELO — Création automatique ranking"],"duration":609,"failing":false,"failureDetails":[],"failureMessages":[],"fullName":"ELO — Création automatique ranking ✅ Un user peut avoir plusieurs player_rankings (un par sport)","invocations":1,"location":null,"numPassingAsserts":4,"retryReasons":[],"startAt":1772483179457,"status":"passed","title":"✅ Un user peut avoir plusieurs player_rankings (un par sport)"},{"ancestorTitles":["ELO — Classements globaux"],"duration":1644,"failing":false,"failureDetails":[],"failureMessages":[],"fullName":"ELO — Classements globaux ✅ Top 100 par sport → trié par elo_rating DESC","invocations":1,"location":null,"numPassingAsserts":2,"retryReasons":[],"startAt":1772483180295,"status":"passed","title":"✅ Top 100 par sport → trié par elo_rating DESC"},{"ancestorTitles":["ELO — Classements globaux"],"duration":788,"failing":false,"failureDetails":[],"failureMessages":[],"fullName":"ELO — Classements globaux ✅ rank = position dans le classement global","invocations":1,"location":null,"numPassingAsserts":2,"retryReasons":[],"startAt":1772483181940,"status":"passed","title":"✅ rank = position dans le classement global"},{"ancestorTitles":["ELO — recent_form"],"duration":752,"failing":false,"failureDetails":[],"failureMessages":[],"fullName":"ELO — recent_form ✅ Après victoire → \"W\" ajouté en tête de recent_form","invocations":1,"location":null,"numPassingAsserts":2,"retryReasons":[],"startAt":1772483182958,"status":"passed","title":"✅ Après victoire → \"W\" ajouté en tête de recent_form"},{"ancestorTitles":["ELO — recent_form"],"duration":772,"failing":false,"failureDetails":[],"failureMessages":[],"fullName":"ELO — recent_form ✅ recent_form max 5 caractères","invocations":1,"location":null,"numPassingAsserts":2,"retryReasons":[],"startAt":1772483183711,"status":"passed","title":"✅ recent_form max 5 caractères"},{"ancestorTitles":["ELO — Badges"],"duration":1,"failing":false,"failureDetails":[],"failureMessages":[],"fullName":"ELO — Badges ✅ ELO 0-999 → badge \"Bronze\"","invocations":1,"location":null,"numPassingAsserts":2,"retryReasons":[],"startAt":1772483184695,"status":"passed","title":"✅ ELO 0-999 → badge \"Bronze\""},{"ancestorTitles":["ELO — Badges"],"duration":0,"failing":false,"failureDetails":[],"failureMessages":[],"fullName":"ELO — Badges ✅ ELO 1000-1199 → badge \"Silver\"","invocations":1,"location":null,"numPassingAsserts":2,"retryReasons":[],"startAt":1772483184696,"status":"passed","title":"✅ ELO 1000-1199 → badge \"Silver\""},{"ancestorTitles":["ELO — Badges"],"duration":1,"failing":false,"failureDetails":[],"failureMessages":[],"fullName":"ELO — Badges ✅ ELO 1200-1399 → badge \"Gold\"","invocations":1,"location":null,"numPassingAsserts":2,"retryReasons":[],"startAt":1772483184696,"status":"passed","title":"✅ ELO 1200-1399 → badge \"Gold\""},{"ancestorTitles":["ELO — Badges"],"duration":0,"failing":false,"failureDetails":[],"failureMessages":[],"fullName":"ELO — Badges ✅ ELO 2000+ → badge \"Grandmaster\"","invocations":1,"location":null,"numPassingAsserts":2,"retryReasons":[],"startAt":1772483184697,"status":"passed","title":"✅ ELO 2000+ → badge \"Grandmaster\""},{"ancestorTitles":["ELO — peak_rating"],"duration":535,"failing":false,"failureDetails":[],"failureMessages":[],"fullName":"ELO — peak_rating ✅ peak_rating = valeur maximale jamais atteinte","invocations":1,"location":null,"numPassingAsserts":1,"retryReasons":[],"startAt":1772483184698,"status":"passed","title":"✅ peak_rating = valeur maximale jamais atteinte"},{"ancestorTitles":["ELO — peak_rating"],"duration":791,"failing":false,"failureDetails":[],"failureMessages":[],"fullName":"ELO — peak_rating ✅ peak_rating ne diminue JAMAIS","invocations":1,"location":null,"numPassingAsserts":2,"retryReasons":[],"startAt":1772483185233,"status":"passed","title":"✅ peak_rating ne diminue JAMAIS"}],"endTime":1772483186248,"message":"","name":"C:\\Users\\kabra\\rork-versus-sport-connect\\__tests__\\e2e\\06-ranking-elo.test.ts","startTime":1772483176873,"status":"passed","summary":""},{"assertionResults":[{"ancestorTitles":["TEAMS — Création"],"duration":516,"failing":false,"failureDetails":[],"failureMessages":[],"fullName":"TEAMS — Création ✅ Créer une équipe → captain_id = créateur","invocations":1,"location":null,"numPassingAsserts":1,"retryReasons":[],"startAt":1772483186300,"status":"passed","title":"✅ Créer une équipe → captain_id = créateur"},{"ancestorTitles":["TEAMS — Création"],"duration":515,"failing":false,"failureDetails":[],"failureMessages":[],"fullName":"TEAMS — Création ✅ Créer → members JSONB contient déjà le capitaine","invocations":1,"location":null,"numPassingAsserts":3,"retryReasons":[],"startAt":1772483186816,"status":"passed","title":"✅ Créer → members JSONB contient déjà le capitaine"},{"ancestorTitles":["TEAMS — Création"],"duration":526,"failing":false,"failureDetails":[],"failureMessages":[],"fullName":"TEAMS — Création ✅ Créer → co_captain_ids JSONB = [] par défaut","invocations":1,"location":null,"numPassingAsserts":2,"retryReasons":[],"startAt":1772483187331,"status":"passed","title":"✅ Créer → co_captain_ids JSONB = [] par défaut"},{"ancestorTitles":["TEAMS — Création"],"duration":567,"failing":false,"failureDetails":[],"failureMessages":[],"fullName":"TEAMS — Création ✅ Créer → join_requests JSONB = [] par défaut","invocations":1,"location":null,"numPassingAsserts":2,"retryReasons":[],"startAt":1772483187857,"status":"passed","title":"✅ Créer → join_requests JSONB = [] par défaut"},{"ancestorTitles":["TEAMS — Création"],"duration":592,"failing":false,"failureDetails":[],"failureMessages":[],"fullName":"TEAMS — Création ✅ Créer → stats JSONB initialisé","invocations":1,"location":null,"numPassingAsserts":3,"retryReasons":[],"startAt":1772483188424,"status":"passed","title":"✅ Créer → stats JSONB initialisé"},{"ancestorTitles":["TEAMS — Création"],"duration":532,"failing":false,"failureDetails":[],"failureMessages":[],"fullName":"TEAMS — Création ✅ Créer avec is_recruiting = true → persisté","invocations":1,"location":null,"numPassingAsserts":1,"retryReasons":[],"startAt":1772483189016,"status":"passed","title":"✅ Créer avec is_recruiting = true → persisté"},{"ancestorTitles":["TEAMS — Adhésion"],"duration":1225,"failing":false,"failureDetails":[],"failureMessages":[],"fullName":"TEAMS — Adhésion ✅ Envoyer demande → apparaît dans join_requests JSONB","invocations":1,"location":null,"numPassingAsserts":4,"retryReasons":[],"startAt":1772483189779,"status":"passed","title":"✅ Envoyer demande → apparaît dans join_requests JSONB"},{"ancestorTitles":["TEAMS — Adhésion"],"duration":1220,"failing":false,"failureDetails":[],"failureMessages":[],"fullName":"TEAMS — Adhésion ✅ Accepter demande → user ajouté dans members JSONB","invocations":1,"location":null,"numPassingAsserts":3,"retryReasons":[],"startAt":1772483191004,"status":"passed","title":"✅ Accepter demande → user ajouté dans members JSONB"},{"ancestorTitles":["TEAMS — Rôles et permissions"],"duration":1200,"failing":false,"failureDetails":[],"failureMessages":[],"fullName":"TEAMS — Rôles et permissions ✅ Capitaine peut nommer un co-capitaine → co_captain_ids mis à jour","invocations":1,"location":null,"numPassingAsserts":3,"retryReasons":[],"startAt":1772483192451,"status":"passed","title":"✅ Capitaine peut nommer un co-capitaine → co_captain_ids mis à jour"},{"ancestorTitles":["TEAMS — Rôles et permissions"],"duration":1198,"failing":false,"failureDetails":[],"failureMessages":[],"fullName":"TEAMS — Rôles et permissions ✅ Capitaine peut exclure un membre → retiré de members JSONB","invocations":1,"location":null,"numPassingAsserts":3,"retryReasons":[],"startAt":1772483193652,"status":"passed","title":"✅ Capitaine peut exclure un membre → retiré de members JSONB"},{"ancestorTitles":["TEAMS — Stats et réputation"],"duration":782,"failing":false,"failureDetails":[],"failureMessages":[],"fullName":"TEAMS — Stats et réputation ✅ Après un match gagné → stats.wins +1, stats.matchesPlayed +1","invocations":1,"location":null,"numPassingAsserts":3,"retryReasons":[],"startAt":1772483195084,"status":"passed","title":"✅ Après un match gagné → stats.wins +1, stats.matchesPlayed +1"}],"endTime":1772483196093,"message":"","name":"C:\\Users\\kabra\\rork-versus-sport-connect\\__tests__\\e2e\\04-teams.test.ts","startTime":1772483186255,"status":"passed","summary":""},{"assertionResults":[{"ancestorTitles":["TOURNAMENTS — Création"],"duration":525,"failing":false,"failureDetails":[],"failureMessages":[],"fullName":"TOURNAMENTS — Création ✅ Knockout → status=\"draft\", type=\"knockout\"","invocations":1,"location":null,"numPassingAsserts":2,"retryReasons":[],"startAt":1772483196163,"status":"passed","title":"✅ Knockout → status=\"draft\", type=\"knockout\""},{"ancestorTitles":["TOURNAMENTS — Création"],"duration":603,"failing":false,"failureDetails":[],"failureMessages":[],"fullName":"TOURNAMENTS — Création ✅ Round Robin → status=\"draft\", type=\"round_robin\"","invocations":1,"location":null,"numPassingAsserts":2,"retryReasons":[],"startAt":1772483196689,"status":"passed","title":"✅ Round Robin → status=\"draft\", type=\"round_robin\""},{"ancestorTitles":["TOURNAMENTS — Création"],"duration":535,"failing":false,"failureDetails":[],"failureMessages":[],"fullName":"TOURNAMENTS — Création ✅ prizes JSONB : {first:X, second:Y, third:Z} correctement stocké","invocations":1,"location":null,"numPassingAsserts":4,"retryReasons":[],"startAt":1772483197292,"status":"passed","title":"✅ prizes JSONB : {first:X, second:Y, third:Z} correctement stocké"},{"ancestorTitles":["TOURNAMENTS — Création"],"duration":515,"failing":false,"failureDetails":[],"failureMessages":[],"fullName":"TOURNAMENTS — Création ✅ managers JSONB = [] par défaut","invocations":1,"location":null,"numPassingAsserts":2,"retryReasons":[],"startAt":1772483197828,"status":"passed","title":"✅ managers JSONB = [] par défaut"},{"ancestorTitles":["TOURNAMENTS — Création"],"duration":516,"failing":false,"failureDetails":[],"failureMessages":[],"fullName":"TOURNAMENTS — Création ✅ registered_teams JSONB = [] par défaut","invocations":1,"location":null,"numPassingAsserts":2,"retryReasons":[],"startAt":1772483198343,"status":"passed","title":"✅ registered_teams JSONB = [] par défaut"},{"ancestorTitles":["TOURNAMENTS — Création"],"duration":519,"failing":false,"failureDetails":[],"failureMessages":[],"fullName":"TOURNAMENTS — Création ✅ match_ids JSONB = [] par défaut","invocations":1,"location":null,"numPassingAsserts":2,"retryReasons":[],"startAt":1772483198860,"status":"passed","title":"✅ match_ids JSONB = [] par défaut"},{"ancestorTitles":["TOURNAMENTS — Inscriptions d'équipes"],"duration":868,"failing":false,"failureDetails":[],"failureMessages":[],"fullName":"TOURNAMENTS — Inscriptions d'équipes ✅ Inscrire une équipe → apparaît dans registered_teams JSONB","invocations":1,"location":null,"numPassingAsserts":4,"retryReasons":[],"startAt":1772483199599,"status":"passed","title":"✅ Inscrire une équipe → apparaît dans registered_teams JSONB"},{"ancestorTitles":["TOURNAMENTS — Inscriptions d'équipes"],"duration":954,"failing":false,"failureDetails":[],"failureMessages":[],"fullName":"TOURNAMENTS — Inscriptions d'équipes ✅ Valider l'inscription → status passe à \"confirmed\"","invocations":1,"location":null,"numPassingAsserts":2,"retryReasons":[],"startAt":1772483200468,"status":"passed","title":"✅ Valider l'inscription → status passe à \"confirmed\""},{"ancestorTitles":["TOURNAMENTS — Inscriptions d'équipes"],"duration":764,"failing":false,"failureDetails":[],"failureMessages":[],"fullName":"TOURNAMENTS — Inscriptions d'équipes ✅ Tournoi passe à status=\"registration\" quand ouvert","invocations":1,"location":null,"numPassingAsserts":2,"retryReasons":[],"startAt":1772483201422,"status":"passed","title":"✅ Tournoi passe à status=\"registration\" quand ouvert"},{"ancestorTitles":["TOURNAMENTS — Génération de bracket"],"duration":817,"failing":false,"failureDetails":[],"failureMessages":[],"fullName":"TOURNAMENTS — Génération de bracket ✅ Knockout 4 équipes → 3 matchs créés (demis×2 + finale×1)","invocations":1,"location":null,"numPassingAsserts":1,"retryReasons":[],"startAt":1772483202542,"status":"passed","title":"✅ Knockout 4 équipes → 3 matchs créés (demis×2 + finale×1)"},{"ancestorTitles":["TOURNAMENTS — Génération de bracket"],"duration":663,"failing":false,"failureDetails":[],"failureMessages":[],"fullName":"TOURNAMENTS — Génération de bracket ✅ Round Robin 4 équipes → 6 matchs créés","invocations":1,"location":null,"numPassingAsserts":1,"retryReasons":[],"startAt":1772483203360,"status":"passed","title":"✅ Round Robin 4 équipes → 6 matchs créés"},{"ancestorTitles":["TOURNAMENTS — Finalisation"],"duration":656,"failing":false,"failureDetails":[],"failureMessages":[],"fullName":"TOURNAMENTS — Finalisation ✅ Tournoi completed → winner_id non null","invocations":1,"location":null,"numPassingAsserts":2,"retryReasons":[],"startAt":1772483204366,"status":"passed","title":"✅ Tournoi completed → winner_id non null"},{"ancestorTitles":["TOURNAMENTS — Finalisation"],"duration":565,"failing":false,"failureDetails":[],"failureMessages":[],"fullName":"TOURNAMENTS — Finalisation ✅ Distribution des prix → prize_pool correspond à prizes.first + second + third","invocations":1,"location":null,"numPassingAsserts":1,"retryReasons":[],"startAt":1772483205023,"status":"passed","title":"✅ Distribution des prix → prize_pool correspond à prizes.first + second + third"}],"endTime":1772483205972,"message":"","name":"C:\\Users\\kabra\\rork-versus-sport-connect\\__tests__\\e2e\\05-tournaments.test.ts","startTime":1772483196100,"status":"passed","summary":""},{"assertionResults":[{"ancestorTitles":["FLOW COMPLET — Nouveau joueur"],"duration":1370,"failing":false,"failureDetails":[],"failureMessages":[],"fullName":"FLOW COMPLET — Nouveau joueur ✅ Inscription → profil complété → rejoindre un match → match joué → ELO mis à jour","invocations":1,"location":null,"numPassingAsserts":8,"retryReasons":[],"startAt":1772483206034,"status":"passed","title":"✅ Inscription → profil complété → rejoindre un match → match joué → ELO mis à jour"},{"ancestorTitles":["FLOW COMPLET — Organisateur de tournoi"],"duration":1150,"failing":false,"failureDetails":[],"failureMessages":[],"fullName":"FLOW COMPLET — Organisateur de tournoi ✅ Créer tournoi → inscrire équipes → valider → générer bracket → déclarer vainqueur","invocations":1,"location":null,"numPassingAsserts":6,"retryReasons":[],"startAt":1772483207849,"status":"passed","title":"✅ Créer tournoi → inscrire équipes → valider → générer bracket → déclarer vainqueur"},{"ancestorTitles":["FLOW COMPLET — Capitaine d'équipe"],"duration":1904,"failing":false,"failureDetails":[],"failureMessages":[],"fullName":"FLOW COMPLET — Capitaine d'équipe ✅ Créer équipe → accepter membres → participer à matchs → stats correctes","invocations":1,"location":null,"numPassingAsserts":6,"retryReasons":[],"startAt":1772483209350,"status":"passed","title":"✅ Créer équipe → accepter membres → participer à matchs → stats correctes"},{"ancestorTitles":["FLOW COMPLET — Contextes React"],"duration":446,"failing":false,"failureDetails":[],"failureMessages":[],"fullName":"FLOW COMPLET — Contextes React ✅ AuthContext : login → user disponible","invocations":1,"location":null,"numPassingAsserts":2,"retryReasons":[],"startAt":1772483211686,"status":"passed","title":"✅ AuthContext : login → user disponible"},{"ancestorTitles":["FLOW COMPLET — Contextes React"],"duration":749,"failing":false,"failureDetails":[],"failureMessages":[],"fullName":"FLOW COMPLET — Contextes React ✅ MatchesContext : créer match → apparaît dans la liste","invocations":1,"location":null,"numPassingAsserts":2,"retryReasons":[],"startAt":1772483212132,"status":"passed","title":"✅ MatchesContext : créer match → apparaît dans la liste"},{"ancestorTitles":["FLOW COMPLET — Contextes React"],"duration":1283,"failing":false,"failureDetails":[],"failureMessages":[],"fullName":"FLOW COMPLET — Contextes React ✅ TeamsContext : rejoindre équipe → apparaît dans mes équipes","invocations":1,"location":null,"numPassingAsserts":2,"retryReasons":[],"startAt":1772483212882,"status":"passed","title":"✅ TeamsContext : rejoindre équipe → apparaît dans mes équipes"}],"endTime":1772483214612,"message":"","name":"C:\\Users\\kabra\\rork-versus-sport-connect\\__tests__\\e2e\\15-integration-flows.test.ts","startTime":1772483205980,"status":"passed","summary":""},{"assertionResults":[{"ancestorTitles":["PERFORMANCE — Requêtes lourdes"],"duration":120,"failing":false,"failureDetails":[],"failureMessages":[],"fullName":"PERFORMANCE — Requêtes lourdes ✅ Récupérer 100 matchs → temps < 2s","invocations":1,"location":null,"numPassingAsserts":2,"retryReasons":[],"startAt":1772483214670,"status":"passed","title":"✅ Récupérer 100 matchs → temps < 2s"},{"ancestorTitles":["PERFORMANCE — Requêtes lourdes"],"duration":117,"failing":false,"failureDetails":[],"failureMessages":[],"fullName":"PERFORMANCE — Requêtes lourdes ✅ Recherche géographique sur tous les terrains → temps < 1s","invocations":1,"location":null,"numPassingAsserts":2,"retryReasons":[],"startAt":1772483214791,"status":"passed","title":"✅ Recherche géographique sur tous les terrains → temps < 1s"},{"ancestorTitles":["PERFORMANCE — Requêtes lourdes"],"duration":106,"failing":false,"failureDetails":[],"failureMessages":[],"fullName":"PERFORMANCE — Requêtes lourdes ✅ Top 100 ranking → temps < 1s","invocations":1,"location":null,"numPassingAsserts":2,"retryReasons":[],"startAt":1772483214909,"status":"passed","title":"✅ Top 100 ranking → temps < 1s"},{"ancestorTitles":["PERFORMANCE — Requêtes lourdes"],"duration":563,"failing":false,"failureDetails":[],"failureMessages":[],"fullName":"PERFORMANCE — Requêtes lourdes ✅ Charger le profil complet d'un user → < 1s","invocations":1,"location":null,"numPassingAsserts":2,"retryReasons":[],"startAt":1772483215015,"status":"passed","title":"✅ Charger le profil complet d'un user → < 1s"},{"ancestorTitles":["EDGE CASES — Données limites"],"duration":672,"failing":false,"failureDetails":[],"failureMessages":[],"fullName":"EDGE CASES — Données limites ✅ Match avec 0 joueur inscrit → finalisable sans erreur","invocations":1,"location":null,"numPassingAsserts":2,"retryReasons":[],"startAt":1772483215700,"status":"passed","title":"✅ Match avec 0 joueur inscrit → finalisable sans erreur"},{"ancestorTitles":["EDGE CASES — Données limites"],"duration":659,"failing":false,"failureDetails":[],"failureMessages":[],"fullName":"EDGE CASES — Données limites ✅ Match avec 1 seul joueur → MVP peut être assigné","invocations":1,"location":null,"numPassingAsserts":1,"retryReasons":[],"startAt":1772483216372,"status":"passed","title":"✅ Match avec 1 seul joueur → MVP peut être assigné"},{"ancestorTitles":["EDGE CASES — Données limites"],"duration":581,"failing":false,"failureDetails":[],"failureMessages":[],"fullName":"EDGE CASES — Données limites ✅ Équipe avec 1 seul membre (le capitaine) → peut jouer un match","invocations":1,"location":null,"numPassingAsserts":2,"retryReasons":[],"startAt":1772483217031,"status":"passed","title":"✅ Équipe avec 1 seul membre (le capitaine) → peut jouer un match"},{"ancestorTitles":["EDGE CASES — Données limites"],"duration":539,"failing":false,"failureDetails":[],"failureMessages":[],"fullName":"EDGE CASES — Données limites ✅ User sans player_rankings → appel au ranking retourne null/vide","invocations":1,"location":null,"numPassingAsserts":2,"retryReasons":[],"startAt":1772483217613,"status":"passed","title":"✅ User sans player_rankings → appel au ranking retourne null/vide"},{"ancestorTitles":["EDGE CASES — Données limites"],"duration":659,"failing":false,"failureDetails":[],"failureMessages":[],"fullName":"EDGE CASES — Données limites ✅ Score match très élevé (50-0) → accepté","invocations":1,"location":null,"numPassingAsserts":2,"retryReasons":[],"startAt":1772483218152,"status":"passed","title":"✅ Score match très élevé (50-0) → accepté"},{"ancestorTitles":["EDGE CASES — Données limites"],"duration":518,"failing":false,"failureDetails":[],"failureMessages":[],"fullName":"EDGE CASES — Données limites ✅ ELO à 0 → ne peut pas descendre sous 0","invocations":1,"location":null,"numPassingAsserts":1,"retryReasons":[],"startAt":1772483218812,"status":"passed","title":"✅ ELO à 0 → ne peut pas descendre sous 0"},{"ancestorTitles":["EDGE CASES — Données limites"],"duration":539,"failing":false,"failureDetails":[],"failureMessages":[],"fullName":"EDGE CASES — Données limites ✅ ELO à 9999 → fonctionne sans overflow","invocations":1,"location":null,"numPassingAsserts":1,"retryReasons":[],"startAt":1772483219330,"status":"passed","title":"✅ ELO à 9999 → fonctionne sans overflow"},{"ancestorTitles":["EDGE CASES — Données limites"],"duration":538,"failing":false,"failureDetails":[],"failureMessages":[],"fullName":"EDGE CASES — Données limites ✅ Nom d'équipe avec caractères spéciaux → accepté","invocations":1,"location":null,"numPassingAsserts":1,"retryReasons":[],"startAt":1772483219870,"status":"passed","title":"✅ Nom d'équipe avec caractères spéciaux → accepté"},{"ancestorTitles":["EDGE CASES — Données limites"],"duration":482,"failing":false,"failureDetails":[],"failureMessages":[],"fullName":"EDGE CASES — Données limites ✅ Bio vide string \"\" → acceptée","invocations":1,"location":null,"numPassingAsserts":1,"retryReasons":[],"startAt":1772483220408,"status":"passed","title":"✅ Bio vide string \"\" → acceptée"},{"ancestorTitles":["EDGE CASES — Concurrence"],"duration":1798,"failing":false,"failureDetails":[],"failureMessages":[],"fullName":"EDGE CASES — Concurrence ✅ Deux users rejoignent le même match simultanément","invocations":1,"location":null,"numPassingAsserts":1,"retryReasons":[],"startAt":1772483221490,"status":"passed","title":"✅ Deux users rejoignent le même match simultanément"}],"endTime":1772483223639,"message":"","name":"C:\\Users\\kabra\\rork-versus-sport-connect\\__tests__\\e2e\\14-performance-edge-cases.test.ts","startTime":1772483214617,"status":"passed","summary":""},{"assertionResults":[{"ancestorTitles":["CHAT — Messages d'équipe"],"duration":651,"failing":false,"failureDetails":[],"failureMessages":[],"fullName":"CHAT — Messages d'équipe ✅ Envoyer un message → créé en BDD avec tous les champs","invocations":1,"location":null,"numPassingAsserts":4,"retryReasons":[],"startAt":1772483223701,"status":"passed","title":"✅ Envoyer un message → créé en BDD avec tous les champs"},{"ancestorTitles":["CHAT — Messages d'équipe"],"duration":997,"failing":false,"failureDetails":[],"failureMessages":[],"fullName":"CHAT — Messages d'équipe ✅ Récupérer historique → trié par created_at ASC","invocations":1,"location":null,"numPassingAsserts":2,"retryReasons":[],"startAt":1772483224352,"status":"passed","title":"✅ Récupérer historique → trié par created_at ASC"},{"ancestorTitles":["CHAT — Messages d'équipe"],"duration":886,"failing":false,"failureDetails":[],"failureMessages":[],"fullName":"CHAT — Messages d'équipe ✅ Marquer messages lus → read = true","invocations":1,"location":null,"numPassingAsserts":2,"retryReasons":[],"startAt":1772483225349,"status":"passed","title":"✅ Marquer messages lus → read = true"},{"ancestorTitles":["CHAT — Messages d'équipe"],"duration":658,"failing":false,"failureDetails":[],"failureMessages":[],"fullName":"CHAT — Messages d'équipe ✅ Message avec émojis → correctement stocké","invocations":1,"location":null,"numPassingAsserts":2,"retryReasons":[],"startAt":1772483226236,"status":"passed","title":"✅ Message avec émojis → correctement stocké"},{"ancestorTitles":["CHAT — Messages d'équipe"],"duration":641,"failing":false,"failureDetails":[],"failureMessages":[],"fullName":"CHAT — Messages d'équipe ✅ Message long (1000 caractères) → accepté","invocations":1,"location":null,"numPassingAsserts":2,"retryReasons":[],"startAt":1772483226894,"status":"passed","title":"✅ Message long (1000 caractères) → accepté"},{"ancestorTitles":["CHAT — Messages privés"],"duration":969,"failing":false,"failureDetails":[],"failureMessages":[],"fullName":"CHAT — Messages privés ✅ Premier message → conversation créée","invocations":1,"location":null,"numPassingAsserts":2,"retryReasons":[],"startAt":1772483227861,"status":"passed","title":"✅ Premier message → conversation créée"},{"ancestorTitles":["CHAT — Messages privés"],"duration":840,"failing":false,"failureDetails":[],"failureMessages":[],"fullName":"CHAT — Messages privés ✅ conversation_id cohérent entre les 2 participants","invocations":1,"location":null,"numPassingAsserts":1,"retryReasons":[],"startAt":1772483228830,"status":"passed","title":"✅ conversation_id cohérent entre les 2 participants"},{"ancestorTitles":["CHAT — Messages privés"],"duration":1371,"failing":false,"failureDetails":[],"failureMessages":[],"fullName":"CHAT — Messages privés ✅ Supprimer conversation → tous les messages supprimés","invocations":1,"location":null,"numPassingAsserts":2,"retryReasons":[],"startAt":1772483229670,"status":"passed","title":"✅ Supprimer conversation → tous les messages supprimés"}],"endTime":1772483231277,"message":"","name":"C:\\Users\\kabra\\rork-versus-sport-connect\\__tests__\\e2e\\08-chat.test.ts","startTime":1772483223646,"status":"passed","summary":""},{"assertionResults":[{"ancestorTitles":["NOTIFICATIONS — Création automatique"],"duration":527,"failing":false,"failureDetails":[],"failureMessages":[],"fullName":"NOTIFICATIONS — Création automatique ✅ Notification type=\"match\" créée correctement","invocations":1,"location":null,"numPassingAsserts":3,"retryReasons":[],"startAt":1772483231328,"status":"passed","title":"✅ Notification type=\"match\" créée correctement"},{"ancestorTitles":["NOTIFICATIONS — Création automatique"],"duration":553,"failing":false,"failureDetails":[],"failureMessages":[],"fullName":"NOTIFICATIONS — Création automatique ✅ Notification type=\"team\" créée correctement","invocations":1,"location":null,"numPassingAsserts":2,"retryReasons":[],"startAt":1772483231855,"status":"passed","title":"✅ Notification type=\"team\" créée correctement"},{"ancestorTitles":["NOTIFICATIONS — Création automatique"],"duration":524,"failing":false,"failureDetails":[],"failureMessages":[],"fullName":"NOTIFICATIONS — Création automatique ✅ Notification type=\"tournament\" créée correctement","invocations":1,"location":null,"numPassingAsserts":2,"retryReasons":[],"startAt":1772483232409,"status":"passed","title":"✅ Notification type=\"tournament\" créée correctement"},{"ancestorTitles":["NOTIFICATIONS — Création automatique"],"duration":541,"failing":false,"failureDetails":[],"failureMessages":[],"fullName":"NOTIFICATIONS — Création automatique ✅ Notification type=\"ranking\" créée correctement","invocations":1,"location":null,"numPassingAsserts":2,"retryReasons":[],"startAt":1772483232933,"status":"passed","title":"✅ Notification type=\"ranking\" créée correctement"},{"ancestorTitles":["NOTIFICATIONS — Structure"],"duration":574,"failing":false,"failureDetails":[],"failureMessages":[],"fullName":"NOTIFICATIONS — Structure ✅ Chaque notification a tous les champs requis","invocations":1,"location":null,"numPassingAsserts":9,"retryReasons":[],"startAt":1772483233694,"status":"passed","title":"✅ Chaque notification a tous les champs requis"},{"ancestorTitles":["NOTIFICATIONS — Structure"],"duration":506,"failing":false,"failureDetails":[],"failureMessages":[],"fullName":"NOTIFICATIONS — Structure ✅ data JSONB contient les métadonnées utiles","invocations":1,"location":null,"numPassingAsserts":4,"retryReasons":[],"startAt":1772483234268,"status":"passed","title":"✅ data JSONB contient les métadonnées utiles"},{"ancestorTitles":["NOTIFICATIONS — Gestion"],"duration":746,"failing":false,"failureDetails":[],"failureMessages":[],"fullName":"NOTIFICATIONS — Gestion ✅ Marquer une notification comme lue → read = true","invocations":1,"location":null,"numPassingAsserts":2,"retryReasons":[],"startAt":1772483234982,"status":"passed","title":"✅ Marquer une notification comme lue → read = true"},{"ancestorTitles":["NOTIFICATIONS — Gestion"],"duration":788,"failing":false,"failureDetails":[],"failureMessages":[],"fullName":"NOTIFICATIONS — Gestion ✅ Supprimer une notification → retirée de la BDD","invocations":1,"location":null,"numPassingAsserts":2,"retryReasons":[],"startAt":1772483235728,"status":"passed","title":"✅ Supprimer une notification → retirée de la BDD"},{"ancestorTitles":["NOTIFICATIONS — Gestion"],"duration":724,"failing":false,"failureDetails":[],"failureMessages":[],"fullName":"NOTIFICATIONS — Gestion ✅ Récupérer uniquement non lues → filtre read=false fonctionnel","invocations":1,"location":null,"numPassingAsserts":2,"retryReasons":[],"startAt":1772483236516,"status":"passed","title":"✅ Récupérer uniquement non lues → filtre read=false fonctionnel"},{"ancestorTitles":["NOTIFICATIONS — Gestion"],"duration":883,"failing":false,"failureDetails":[],"failureMessages":[],"fullName":"NOTIFICATIONS — Gestion ✅ Notifications triées par created_at DESC","invocations":1,"location":null,"numPassingAsserts":2,"retryReasons":[],"startAt":1772483237241,"status":"passed","title":"✅ Notifications triées par created_at DESC"}],"endTime":1772483238358,"message":"","name":"C:\\Users\\kabra\\rork-versus-sport-connect\\__tests__\\e2e\\07-notifications.test.ts","startTime":1772483231282,"status":"passed","summary":""},{"assertionResults":[{"ancestorTitles":["TROPHIES — Déblocage automatique"],"duration":515,"failing":false,"failureDetails":[],"failureMessages":[],"fullName":"TROPHIES — Déblocage automatique ✅ 1er match joué → \"first_match\" débloqué (rarity=common)","invocations":1,"location":null,"numPassingAsserts":3,"retryReasons":[],"startAt":1772483238415,"status":"passed","title":"✅ 1er match joué → \"first_match\" débloqué (rarity=common)"},{"ancestorTitles":["TROPHIES — Déblocage automatique"],"duration":578,"failing":false,"failureDetails":[],"failureMessages":[],"fullName":"TROPHIES — Déblocage automatique ✅ 1ère victoire → \"first_win\" débloqué","invocations":1,"location":null,"numPassingAsserts":2,"retryReasons":[],"startAt":1772483238931,"status":"passed","title":"✅ 1ère victoire → \"first_win\" débloqué"},{"ancestorTitles":["TROPHIES — Déblocage automatique"],"duration":551,"failing":false,"failureDetails":[],"failureMessages":[],"fullName":"TROPHIES — Déblocage automatique ✅ Hat-trick (3 buts dans 1 match) → \"hat_trick\" débloqué (rarity=rare)","invocations":1,"location":null,"numPassingAsserts":3,"retryReasons":[],"startAt":1772483239510,"status":"passed","title":"✅ Hat-trick (3 buts dans 1 match) → \"hat_trick\" débloqué (rarity=rare)"},{"ancestorTitles":["TROPHIES — Déblocage automatique"],"duration":528,"failing":false,"failureDetails":[],"failureMessages":[],"fullName":"TROPHIES — Déblocage automatique ✅ 1er tournoi gagné → \"champion\" débloqué (rarity=legendary)","invocations":1,"location":null,"numPassingAsserts":3,"retryReasons":[],"startAt":1772483240061,"status":"passed","title":"✅ 1er tournoi gagné → \"champion\" débloqué (rarity=legendary)"},{"ancestorTitles":["TROPHIES — Déblocage automatique"],"duration":538,"failing":false,"failureDetails":[],"failureMessages":[],"fullName":"TROPHIES — Déblocage automatique ✅ Créer une équipe → \"team_creator\" débloqué","invocations":1,"location":null,"numPassingAsserts":2,"retryReasons":[],"startAt":1772483240589,"status":"passed","title":"✅ Créer une équipe → \"team_creator\" débloqué"},{"ancestorTitles":["TROPHIES — Déblocage automatique"],"duration":513,"failing":false,"failureDetails":[],"failureMessages":[],"fullName":"TROPHIES — Déblocage automatique ✅ Atteindre ELO Silver (1000) → trophée débloqué","invocations":1,"location":null,"numPassingAsserts":2,"retryReasons":[],"startAt":1772483241128,"status":"passed","title":"✅ Atteindre ELO Silver (1000) → trophée débloqué"},{"ancestorTitles":["TROPHIES — Déblocage automatique"],"duration":503,"failing":false,"failureDetails":[],"failureMessages":[],"fullName":"TROPHIES — Déblocage automatique ✅ Atteindre ELO Grandmaster (2000) → trophée légendaire débloqué","invocations":1,"location":null,"numPassingAsserts":3,"retryReasons":[],"startAt":1772483241641,"status":"passed","title":"✅ Atteindre ELO Grandmaster (2000) → trophée légendaire débloqué"},{"ancestorTitles":["TROPHIES — Règles"],"duration":508,"failing":false,"failureDetails":[],"failureMessages":[],"fullName":"TROPHIES — Règles ✅ unlocked_at = timestamp du moment exact du déblocage","invocations":1,"location":null,"numPassingAsserts":4,"retryReasons":[],"startAt":1772483242378,"status":"passed","title":"✅ unlocked_at = timestamp du moment exact du déblocage"},{"ancestorTitles":["TROPHIES — Règles"],"duration":681,"failing":false,"failureDetails":[],"failureMessages":[],"fullName":"TROPHIES — Règles ✅ Trophée apparaît dans le profil user","invocations":1,"location":null,"numPassingAsserts":2,"retryReasons":[],"startAt":1772483242886,"status":"passed","title":"✅ Trophée apparaît dans le profil user"},{"ancestorTitles":["TROPHIES — Règles"],"duration":1,"failing":false,"failureDetails":[],"failureMessages":[],"fullName":"TROPHIES — Règles ✅ Rareté correcte : common < rare < epic < legendary","invocations":1,"location":null,"numPassingAsserts":3,"retryReasons":[],"startAt":1772483243567,"status":"passed","title":"✅ Rareté correcte : common < rare < epic < legendary"}],"endTime":1772483243783,"message":"","name":"C:\\Users\\kabra\\rork-versus-sport-connect\\__tests__\\e2e\\10-trophies.test.ts","startTime":1772483238364,"status":"passed","summary":""},{"assertionResults":[{"ancestorTitles":["LIVE SCORING — Initialisation"],"duration":1057,"failing":false,"failureDetails":[],"failureMessages":[],"fullName":"LIVE SCORING — Initialisation ✅ Passer match à in_progress → live_match_stats créé en BDD","invocations":1,"location":null,"numPassingAsserts":5,"retryReasons":[],"startAt":1772483243838,"status":"passed","title":"✅ Passer match à in_progress → live_match_stats créé en BDD"},{"ancestorTitles":["LIVE SCORING — Événements / match_events"],"duration":998,"failing":false,"failureDetails":[],"failureMessages":[],"fullName":"LIVE SCORING — Événements / match_events ✅ Goal home → score_home +1 dans live_match_stats","invocations":1,"location":null,"numPassingAsserts":2,"retryReasons":[],"startAt":1772483245347,"status":"passed","title":"✅ Goal home → score_home +1 dans live_match_stats"},{"ancestorTitles":["LIVE SCORING — Événements / match_events"],"duration":789,"failing":false,"failureDetails":[],"failureMessages":[],"fullName":"LIVE SCORING — Événements / match_events ✅ Goal home → match_event créé : type=\"goal\", team_side=\"home\"","invocations":1,"location":null,"numPassingAsserts":4,"retryReasons":[],"startAt":1772483246346,"status":"passed","title":"✅ Goal home → match_event créé : type=\"goal\", team_side=\"home\""},{"ancestorTitles":["LIVE SCORING — Événements / match_events"],"duration":763,"failing":false,"failureDetails":[],"failureMessages":[],"fullName":"LIVE SCORING — Événements / match_events ✅ Carton jaune → match_event créé : type=\"card\", data contient {color:\"yellow\"}","invocations":1,"location":null,"numPassingAsserts":3,"retryReasons":[],"startAt":1772483247136,"status":"passed","title":"✅ Carton jaune → match_event créé : type=\"card\", data contient {color:\"yellow\"}"},{"ancestorTitles":["LIVE SCORING — Finalisation match ranked"],"duration":1691,"failing":false,"failureDetails":[],"failureMessages":[],"fullName":"LIVE SCORING — Finalisation match ranked ✅ Finaliser match ranked → player_rankings mis à jour","invocations":1,"location":null,"numPassingAsserts":4,"retryReasons":[],"startAt":1772483248558,"status":"passed","title":"✅ Finaliser match ranked → player_rankings mis à jour"}],"endTime":1772483250679,"message":"","name":"C:\\Users\\kabra\\rork-versus-sport-connect\\__tests__\\e2e\\03-live-scoring.test.ts","startTime":1772483243789,"status":"passed","summary":""},{"assertionResults":[{"ancestorTitles":["VENUES — Données"],"duration":109,"failing":false,"failureDetails":[],"failureMessages":[],"fullName":"VENUES — Données ✅ Récupérer tous les terrains → au moins 1 résultat","invocations":1,"location":null,"numPassingAsserts":3,"retryReasons":[],"startAt":1772483250736,"status":"passed","title":"✅ Récupérer tous les terrains → au moins 1 résultat"},{"ancestorTitles":["VENUES — Données"],"duration":115,"failing":false,"failureDetails":[],"failureMessages":[],"fullName":"VENUES — Données ✅ amenities est TEXT[] → pas de JSONB","invocations":1,"location":null,"numPassingAsserts":1,"retryReasons":[],"startAt":1772483250845,"status":"passed","title":"✅ amenities est TEXT[] → pas de JSONB"},{"ancestorTitles":["VENUES — Données"],"duration":114,"failing":false,"failureDetails":[],"failureMessages":[],"fullName":"VENUES — Données ✅ images est TEXT[] → pas de JSONB","invocations":1,"location":null,"numPassingAsserts":1,"retryReasons":[],"startAt":1772483250961,"status":"passed","title":"✅ images est TEXT[] → pas de JSONB"},{"ancestorTitles":["VENUES — Données"],"duration":113,"failing":false,"failureDetails":[],"failureMessages":[],"fullName":"VENUES — Données ✅ sport est JSONB → peut contenir plusieurs sports","invocations":1,"location":null,"numPassingAsserts":1,"retryReasons":[],"startAt":1772483251076,"status":"passed","title":"✅ sport est JSONB → peut contenir plusieurs sports"},{"ancestorTitles":["VENUES — Données"],"duration":109,"failing":false,"failureDetails":[],"failureMessages":[],"fullName":"VENUES — Données ✅ latitude et longitude non null et valides","invocations":1,"location":null,"numPassingAsserts":4,"retryReasons":[],"startAt":1772483251189,"status":"passed","title":"✅ latitude et longitude non null et valides"},{"ancestorTitles":["VENUES — Filtres"],"duration":230,"failing":false,"failureDetails":[],"failureMessages":[],"fullName":"VENUES — Filtres ✅ Filtrer par ville → insensible à la casse","invocations":1,"location":null,"numPassingAsserts":2,"retryReasons":[],"startAt":1772483251298,"status":"passed","title":"✅ Filtrer par ville → insensible à la casse"},{"ancestorTitles":["VENUES — Filtres"],"duration":116,"failing":false,"failureDetails":[],"failureMessages":[],"fullName":"VENUES — Filtres ✅ Trier par price_per_hour ASC → prix croissant","invocations":1,"location":null,"numPassingAsserts":1,"retryReasons":[],"startAt":1772483251529,"status":"passed","title":"✅ Trier par price_per_hour ASC → prix croissant"},{"ancestorTitles":["VENUES — Filtres"],"duration":128,"failing":false,"failureDetails":[],"failureMessages":[],"fullName":"VENUES — Filtres ✅ Trier par rating DESC → mieux notés en premier","invocations":1,"location":null,"numPassingAsserts":1,"retryReasons":[],"startAt":1772483251646,"status":"passed","title":"✅ Trier par rating DESC → mieux notés en premier"},{"ancestorTitles":["VENUES — Filtres"],"duration":115,"failing":false,"failureDetails":[],"failureMessages":[],"fullName":"VENUES — Filtres ❌ Sport inexistant → tableau vide, pas d'erreur","invocations":1,"location":null,"numPassingAsserts":2,"retryReasons":[],"startAt":1772483251774,"status":"passed","title":"❌ Sport inexistant → tableau vide, pas d'erreur"},{"ancestorTitles":["VENUES — Filtres"],"duration":109,"failing":false,"failureDetails":[],"failureMessages":[],"fullName":"VENUES — Filtres ❌ Ville inexistante → tableau vide, pas d'erreur","invocations":1,"location":null,"numPassingAsserts":3,"retryReasons":[],"startAt":1772483251889,"status":"passed","title":"❌ Ville inexistante → tableau vide, pas d'erreur"}],"endTime":1772483251999,"message":"","name":"C:\\Users\\kabra\\rork-versus-sport-connect\\__tests__\\e2e\\09-venues.test.ts","startTime":1772483250684,"status":"passed","summary":""}],"wasInterrupted":false}
