{"numFailedTestSuites":3,"numFailedTests":4,"numPassedTestSuites":12,"numPassedTests":164,"numPendingTestSuites":0,"numPendingTests":0,"numRuntimeErrorTestSuites":0,"numTodoTests":0,"numTotalTestSuites":15,"numTotalTests":168,"openHandles":[],"snapshot":{"added":0,"didUpdate":false,"failure":false,"filesAdded":0,"filesRemoved":0,"filesRemovedList":[],"filesUnmatched":0,"filesUpdated":0,"matched":0,"total":0,"unchecked":0,"uncheckedKeysByFile":[],"unmatched":0,"updated":0},"startTime":1772481450243,"success":false,"testResults":[{"assertionResults":[{"ancestorTitles":["MATCHES — Création"],"duration":924,"failing":false,"failureDetails":[],"failureMessages":[],"fullName":"MATCHES — Création ✅ Créer match complet → tous les champs insérés correctement","invocations":1,"location":null,"numPassingAsserts":5,"retryReasons":[],"startAt":1772481450847,"status":"passed","title":"✅ Créer match complet → tous les champs insérés correctement"},{"ancestorTitles":["MATCHES — Création"],"duration":625,"failing":false,"failureDetails":[],"failureMessages":[],"fullName":"MATCHES — Création ✅ title est auto-généré si absent → title != null en BDD","invocations":1,"location":null,"numPassingAsserts":3,"retryReasons":[],"startAt":1772481451772,"status":"passed","title":"✅ title est auto-généré si absent → title != null en BDD"},{"ancestorTitles":["MATCHES — Création"],"duration":659,"failing":false,"failureDetails":[],"failureMessages":[],"fullName":"MATCHES — Création ✅ match_type = \"friendly\" correctement stocké","invocations":1,"location":null,"numPassingAsserts":1,"retryReasons":[],"startAt":1772481452398,"status":"passed","title":"✅ match_type = \"friendly\" correctement stocké"},{"ancestorTitles":["MATCHES — Création"],"duration":630,"failing":false,"failureDetails":[],"failureMessages":[],"fullName":"MATCHES — Création ✅ match_type = \"ranked\" correctement stocké","invocations":1,"location":null,"numPassingAsserts":1,"retryReasons":[],"startAt":1772481453058,"status":"passed","title":"✅ match_type = \"ranked\" correctement stocké"},{"ancestorTitles":["MATCHES — Création"],"duration":619,"failing":false,"failureDetails":[],"failureMessages":[],"fullName":"MATCHES — Création ✅ start_time mappé depuis dateTime → non null en BDD","invocations":1,"location":null,"numPassingAsserts":2,"retryReasons":[],"startAt":1772481453688,"status":"passed","title":"✅ start_time mappé depuis dateTime → non null en BDD"},{"ancestorTitles":["MATCHES — Création"],"duration":776,"failing":false,"failureDetails":[],"failureMessages":[],"fullName":"MATCHES — Création ✅ registered_players = JSONB tableau vide par défaut","invocations":1,"location":null,"numPassingAsserts":2,"retryReasons":[],"startAt":1772481454307,"status":"passed","title":"✅ registered_players = JSONB tableau vide par défaut"},{"ancestorTitles":["MATCHES — Création"],"duration":780,"failing":false,"failureDetails":[],"failureMessages":[],"fullName":"MATCHES — Création ✅ player_stats = JSONB objet vide par défaut","invocations":1,"location":null,"numPassingAsserts":2,"retryReasons":[],"startAt":1772481455083,"status":"passed","title":"✅ player_stats = JSONB objet vide par défaut"},{"ancestorTitles":["MATCHES — Création"],"duration":709,"failing":false,"failureDetails":[],"failureMessages":[],"fullName":"MATCHES — Création ✅ venue_data JSONB correctement sérialisé","invocations":1,"location":null,"numPassingAsserts":2,"retryReasons":[],"startAt":1772481455864,"status":"passed","title":"✅ venue_data JSONB correctement sérialisé"},{"ancestorTitles":["MATCHES — Création"],"duration":654,"failing":false,"failureDetails":[],"failureMessages":[],"fullName":"MATCHES — Création ✅ status = \"open\" par défaut","invocations":1,"location":null,"numPassingAsserts":1,"retryReasons":[],"startAt":1772481456573,"status":"passed","title":"✅ status = \"open\" par défaut"},{"ancestorTitles":["MATCHES — Création"],"duration":758,"failing":false,"failureDetails":[],"failureMessages":[],"fullName":"MATCHES — Création ✅ needs_players = true/false correctement stocké","invocations":1,"location":null,"numPassingAsserts":2,"retryReasons":[],"startAt":1772481457228,"status":"passed","title":"✅ needs_players = true/false correctement stocké"},{"ancestorTitles":["MATCHES — Création"],"duration":527,"failing":false,"failureDetails":[],"failureMessages":[],"fullName":"MATCHES — Création ❌ entry_fee négatif → refusé","invocations":1,"location":null,"numPassingAsserts":1,"retryReasons":[],"startAt":1772481457987,"status":"passed","title":"❌ entry_fee négatif → refusé"},{"ancestorTitles":["MATCHES — Création"],"duration":514,"failing":false,"failureDetails":[],"failureMessages":[],"fullName":"MATCHES — Création ❌ max_players = 0 → refusé","invocations":1,"location":null,"numPassingAsserts":1,"retryReasons":[],"startAt":1772481458514,"status":"passed","title":"❌ max_players = 0 → refusé"},{"ancestorTitles":["MATCHES — Inscription joueurs"],"duration":1261,"failing":false,"failureDetails":[],"failureMessages":[],"fullName":"MATCHES — Inscription joueurs ✅ Rejoindre un match open → joueur ajouté dans registered_players JSONB","invocations":1,"location":null,"numPassingAsserts":4,"retryReasons":[],"startAt":1772481459413,"status":"passed","title":"✅ Rejoindre un match open → joueur ajouté dans registered_players JSONB"},{"ancestorTitles":["MATCHES — Inscription joueurs"],"duration":1337,"failing":false,"failureDetails":[],"failureMessages":[],"fullName":"MATCHES — Inscription joueurs ✅ Se désinscrire → joueur retiré du JSONB","invocations":1,"location":null,"numPassingAsserts":2,"retryReasons":[],"startAt":1772481460675,"status":"passed","title":"✅ Se désinscrire → joueur retiré du JSONB"},{"ancestorTitles":["MATCHES — Filtres et recherche"],"duration":835,"failing":false,"failureDetails":[],"failureMessages":[],"fullName":"MATCHES — Filtres et recherche ✅ Filtrer par sport → uniquement les matchs du sport retournés","invocations":1,"location":null,"numPassingAsserts":2,"retryReasons":[],"startAt":1772481462405,"status":"passed","title":"✅ Filtrer par sport → uniquement les matchs du sport retournés"},{"ancestorTitles":["MATCHES — Filtres et recherche"],"duration":848,"failing":false,"failureDetails":[],"failureMessages":[],"fullName":"MATCHES — Filtres et recherche ✅ Filtrer par statut → uniquement ce statut","invocations":1,"location":null,"numPassingAsserts":2,"retryReasons":[],"startAt":1772481463240,"status":"passed","title":"✅ Filtrer par statut → uniquement ce statut"},{"ancestorTitles":["MATCHES — Filtres et recherche"],"duration":856,"failing":false,"failureDetails":[],"failureMessages":[],"fullName":"MATCHES — Filtres et recherche ✅ Filtrer needs_players = true → uniquement les matchs cherchant joueurs","invocations":1,"location":null,"numPassingAsserts":2,"retryReasons":[],"startAt":1772481464088,"status":"passed","title":"✅ Filtrer needs_players = true → uniquement les matchs cherchant joueurs"}],"endTime":1772481465284,"message":"","name":"C:\\Users\\kabra\\rork-versus-sport-connect\\__tests__\\e2e\\02-matches-creation.test.ts","startTime":1772481450537,"status":"passed","summary":""},{"assertionResults":[{"ancestorTitles":["TYPES — Cohérence JSONB"],"duration":684,"failing":false,"failureDetails":[],"failureMessages":[],"fullName":"TYPES — Cohérence JSONB ✅ matches.registered_players est un tableau","invocations":1,"location":null,"numPassingAsserts":1,"retryReasons":[],"startAt":1772481465351,"status":"passed","title":"✅ matches.registered_players est un tableau"},{"ancestorTitles":["TYPES — Cohérence JSONB"],"duration":690,"failing":false,"failureDetails":[],"failureMessages":[],"fullName":"TYPES — Cohérence JSONB ✅ matches.player_stats est un objet","invocations":1,"location":null,"numPassingAsserts":2,"retryReasons":[],"startAt":1772481466035,"status":"passed","title":"✅ matches.player_stats est un objet"},{"ancestorTitles":["TYPES — Cohérence JSONB"],"duration":641,"failing":false,"failureDetails":[],"failureMessages":[],"fullName":"TYPES — Cohérence JSONB ✅ matches.venue_data est un objet non null","invocations":1,"location":null,"numPassingAsserts":3,"retryReasons":[],"startAt":1772481466726,"status":"passed","title":"✅ matches.venue_data est un objet non null"},{"ancestorTitles":["TYPES — Cohérence JSONB"],"duration":518,"failing":false,"failureDetails":[],"failureMessages":[],"fullName":"TYPES — Cohérence JSONB ✅ teams.members est un tableau","invocations":1,"location":null,"numPassingAsserts":2,"retryReasons":[],"startAt":1772481467367,"status":"passed","title":"✅ teams.members est un tableau"},{"ancestorTitles":["TYPES — Cohérence JSONB"],"duration":558,"failing":false,"failureDetails":[],"failureMessages":[],"fullName":"TYPES — Cohérence JSONB ✅ teams.join_requests est un tableau","invocations":1,"location":null,"numPassingAsserts":1,"retryReasons":[],"startAt":1772481467886,"status":"passed","title":"✅ teams.join_requests est un tableau"},{"ancestorTitles":["TYPES — Cohérence JSONB"],"duration":543,"failing":false,"failureDetails":[],"failureMessages":[],"fullName":"TYPES — Cohérence JSONB ✅ teams.co_captain_ids est un tableau de strings","invocations":1,"location":null,"numPassingAsserts":1,"retryReasons":[],"startAt":1772481468445,"status":"passed","title":"✅ teams.co_captain_ids est un tableau de strings"},{"ancestorTitles":["TYPES — Cohérence JSONB"],"duration":539,"failing":false,"failureDetails":[],"failureMessages":[],"fullName":"TYPES — Cohérence JSONB ✅ tournaments.registered_teams est un tableau","invocations":1,"location":null,"numPassingAsserts":1,"retryReasons":[],"startAt":1772481468988,"status":"passed","title":"✅ tournaments.registered_teams est un tableau"},{"ancestorTitles":["TYPES — Cohérence JSONB"],"duration":527,"failing":false,"failureDetails":[],"failureMessages":[],"fullName":"TYPES — Cohérence JSONB ✅ tournaments.prizes est un objet avec first, second, third","invocations":1,"location":null,"numPassingAsserts":4,"retryReasons":[],"startAt":1772481469527,"status":"passed","title":"✅ tournaments.prizes est un objet avec first, second, third"},{"ancestorTitles":["TYPES — Cohérence JSONB"],"duration":520,"failing":false,"failureDetails":[],"failureMessages":[],"fullName":"TYPES — Cohérence JSONB ✅ tournaments.managers est un tableau de strings","invocations":1,"location":null,"numPassingAsserts":1,"retryReasons":[],"startAt":1772481470054,"status":"passed","title":"✅ tournaments.managers est un tableau de strings"},{"ancestorTitles":["TYPES — Cohérence JSONB"],"duration":536,"failing":false,"failureDetails":[],"failureMessages":[],"fullName":"TYPES — Cohérence JSONB ✅ tournaments.match_ids est un tableau de strings","invocations":1,"location":null,"numPassingAsserts":1,"retryReasons":[],"startAt":1772481470574,"status":"passed","title":"✅ tournaments.match_ids est un tableau de strings"},{"ancestorTitles":["TYPES — Enums BDD"],"duration":436,"failing":false,"failureDetails":[],"failureMessages":[],"fullName":"TYPES — Enums BDD ✅ users.role : uniquement \"user\" | \"admin\" | \"premium\"","invocations":1,"location":null,"numPassingAsserts":1,"retryReasons":[],"startAt":1772481471715,"status":"passed","title":"✅ users.role : uniquement \"user\" | \"admin\" | \"premium\""},{"ancestorTitles":["TYPES — Enums BDD"],"duration":679,"failing":false,"failureDetails":[],"failureMessages":[],"fullName":"TYPES — Enums BDD ✅ matches.status : uniquement \"open\"|\"confirmed\"|\"in_progress\"|\"completed\"|\"cancelled\"","invocations":1,"location":null,"numPassingAsserts":1,"retryReasons":[],"startAt":1772481472151,"status":"passed","title":"✅ matches.status : uniquement \"open\"|\"confirmed\"|\"in_progress\"|\"completed\"|\"cancelled\""},{"ancestorTitles":["TYPES — Enums BDD"],"duration":637,"failing":false,"failureDetails":[],"failureMessages":[],"fullName":"TYPES — Enums BDD ✅ matches.match_type : uniquement \"friendly\"|\"ranked\"|\"tournament\"","invocations":1,"location":null,"numPassingAsserts":1,"retryReasons":[],"startAt":1772481472831,"status":"passed","title":"✅ matches.match_type : uniquement \"friendly\"|\"ranked\"|\"tournament\""},{"ancestorTitles":["TYPES — Enums BDD"],"duration":504,"failing":false,"failureDetails":[],"failureMessages":[],"fullName":"TYPES — Enums BDD ✅ tournaments.type : uniquement \"knockout\"|\"round_robin\"|\"mixed\"","invocations":1,"location":null,"numPassingAsserts":1,"retryReasons":[],"startAt":1772481473468,"status":"passed","title":"✅ tournaments.type : uniquement \"knockout\"|\"round_robin\"|\"mixed\""},{"ancestorTitles":["TYPES — Enums BDD"],"duration":512,"failing":false,"failureDetails":[],"failureMessages":[],"fullName":"TYPES — Enums BDD ✅ tournaments.status : uniquement \"draft\"|\"registration\"|\"in_progress\"|\"completed\"|\"cancelled\"","invocations":1,"location":null,"numPassingAsserts":1,"retryReasons":[],"startAt":1772481473973,"status":"passed","title":"✅ tournaments.status : uniquement \"draft\"|\"registration\"|\"in_progress\"|\"completed\"|\"cancelled\""},{"ancestorTitles":["TYPES — Fonctions API"],"duration":633,"failing":false,"failureDetails":[],"failureMessages":[],"fullName":"TYPES — Fonctions API ✅ Appel avec paramètres valides → retourne le type attendu","invocations":1,"location":null,"numPassingAsserts":3,"retryReasons":[],"startAt":1772481474968,"status":"passed","title":"✅ Appel avec paramètres valides → retourne le type attendu"},{"ancestorTitles":["TYPES — Fonctions API"],"duration":126,"failing":false,"failureDetails":[],"failureMessages":[],"fullName":"TYPES — Fonctions API ✅ Appel avec ID inexistant → retourne null ou tableau vide","invocations":1,"location":null,"numPassingAsserts":1,"retryReasons":[],"startAt":1772481475601,"status":"passed","title":"✅ Appel avec ID inexistant → retourne null ou tableau vide"}],"endTime":1772481476090,"message":"","name":"C:\\Users\\kabra\\rork-versus-sport-connect\\__tests__\\e2e\\13-api-types.test.ts","startTime":1772481465294,"status":"passed","summary":""},{"assertionResults":[{"ancestorTitles":["AUTH — Inscription"],"duration":417,"failing":false,"failureDetails":[],"failureMessages":[],"fullName":"AUTH — Inscription ✅ Inscription valide → user créé en BDD avec tous les champs","invocations":1,"location":null,"numPassingAsserts":9,"retryReasons":[],"startAt":1772481476148,"status":"passed","title":"✅ Inscription valide → user créé en BDD avec tous les champs"},{"ancestorTitles":["AUTH — Inscription"],"duration":939,"failing":false,"failureDetails":[],"failureMessages":[],"fullName":"AUTH — Inscription ✅ Inscription → referral_code auto-généré et unique","invocations":1,"location":null,"numPassingAsserts":3,"retryReasons":[],"startAt":1772481476566,"status":"passed","title":"✅ Inscription → referral_code auto-généré et unique"},{"ancestorTitles":["AUTH — Inscription"],"duration":418,"failing":false,"failureDetails":[],"failureMessages":[],"fullName":"AUTH — Inscription ✅ Inscription → stats JSONB initialisé","invocations":1,"location":null,"numPassingAsserts":3,"retryReasons":[],"startAt":1772481477505,"status":"passed","title":"✅ Inscription → stats JSONB initialisé"},{"ancestorTitles":["AUTH — Inscription"],"duration":710,"failing":false,"failureDetails":[],"failureMessages":[],"fullName":"AUTH — Inscription ❌ Inscription numéro déjà utilisé → erreur unique constraint","invocations":1,"location":null,"numPassingAsserts":1,"retryReasons":[],"startAt":1772481477923,"status":"passed","title":"❌ Inscription numéro déjà utilisé → erreur unique constraint"},{"ancestorTitles":["AUTH — Inscription"],"duration":720,"failing":false,"failureDetails":[],"failureMessages":[],"fullName":"AUTH — Inscription ❌ Inscription username déjà utilisé → erreur unique constraint","invocations":1,"location":null,"numPassingAsserts":1,"retryReasons":[],"startAt":1772481478633,"status":"passed","title":"❌ Inscription username déjà utilisé → erreur unique constraint"},{"ancestorTitles":["AUTH — Connexion"],"duration":432,"failing":false,"failureDetails":[],"failureMessages":[],"fullName":"AUTH — Connexion ✅ Connexion valide → retourne JWT token valide","invocations":1,"location":null,"numPassingAsserts":3,"retryReasons":[],"startAt":1772481479461,"status":"passed","title":"✅ Connexion valide → retourne JWT token valide"},{"ancestorTitles":["AUTH — Connexion"],"duration":442,"failing":false,"failureDetails":[{"matcherResult":{"message":"\u001b[2mexpect(\u001b[22m\u001b[31mreceived\u001b[39m\u001b[2m).\u001b[22mtoBeNull\u001b[2m()\u001b[22m\n\nReceived: \u001b[31m{\"hint\": \"Double check your Supabase `anon` or `service_role` API key.\", \"message\": \"Invalid API key\"}\u001b[39m","pass":false}}],"failureMessages":["Error: \u001b[2mexpect(\u001b[22m\u001b[31mreceived\u001b[39m\u001b[2m).\u001b[22mtoBeNull\u001b[2m()\u001b[22m\n\nReceived: \u001b[31m{\"hint\": \"Double check your Supabase `anon` or `service_role` API key.\", \"message\": \"Invalid API key\"}\u001b[39m\n    at Object.<anonymous> (C:\\Users\\kabra\\rork-versus-sport-connect\\__tests__\\e2e\\01-auth.test.ts:88:19)\n    at processTicksAndRejections (node:internal/process/task_queues:103:5)"],"fullName":"AUTH — Connexion ✅ Connexion valide → token peut être utilisé pour requêtes authentifiées","invocations":1,"location":null,"numPassingAsserts":0,"retryReasons":[],"startAt":1772481479893,"status":"failed","title":"✅ Connexion valide → token peut être utilisé pour requêtes authentifiées"},{"ancestorTitles":["AUTH — Profil utilisateur"],"duration":640,"failing":false,"failureDetails":[],"failureMessages":[],"fullName":"AUTH — Profil utilisateur ✅ Mise à jour first_name, last_name → persiste en BDD","invocations":1,"location":null,"numPassingAsserts":3,"retryReasons":[],"startAt":1772481480461,"status":"passed","title":"✅ Mise à jour first_name, last_name → persiste en BDD"},{"ancestorTitles":["AUTH — Profil utilisateur"],"duration":680,"failing":false,"failureDetails":[],"failureMessages":[],"fullName":"AUTH — Profil utilisateur ✅ Mise à jour favorite_sports JSONB → structure correcte persistée","invocations":1,"location":null,"numPassingAsserts":3,"retryReasons":[],"startAt":1772481481101,"status":"passed","title":"✅ Mise à jour favorite_sports JSONB → structure correcte persistée"},{"ancestorTitles":["AUTH — Profil utilisateur"],"duration":506,"failing":false,"failureDetails":[],"failureMessages":[],"fullName":"AUTH — Profil utilisateur ❌ Modifier role via API directe → bloqué","invocations":1,"location":null,"numPassingAsserts":1,"retryReasons":[],"startAt":1772481481782,"status":"passed","title":"❌ Modifier role via API directe → bloqué"},{"ancestorTitles":["AUTH — Parrainage"],"duration":859,"failing":false,"failureDetails":[],"failureMessages":[],"fullName":"AUTH — Parrainage ✅ Inscription avec referral_code valide → referred_by = UUID du parrain","invocations":1,"location":null,"numPassingAsserts":1,"retryReasons":[],"startAt":1772481482413,"status":"passed","title":"✅ Inscription avec referral_code valide → referred_by = UUID du parrain"},{"ancestorTitles":["AUTH — Parrainage"],"duration":861,"failing":false,"failureDetails":[],"failureMessages":[],"fullName":"AUTH — Parrainage ✅ Deux users ont des referral_code différents","invocations":1,"location":null,"numPassingAsserts":1,"retryReasons":[],"startAt":1772481483272,"status":"passed","title":"✅ Deux users ont des referral_code différents"}],"endTime":1772481484265,"message":"\u001b[1m\u001b[31m  \u001b[1m● \u001b[22m\u001b[1mAUTH — Connexion › ✅ Connexion valide → token peut être utilisé pour requêtes authentifiées\u001b[39m\u001b[22m\n\n    \u001b[2mexpect(\u001b[22m\u001b[31mreceived\u001b[39m\u001b[2m).\u001b[22mtoBeNull\u001b[2m()\u001b[22m\n\n    Received: \u001b[31m{\"hint\": \"Double check your Supabase `anon` or `service_role` API key.\", \"message\": \"Invalid API key\"}\u001b[39m\n\u001b[2m\u001b[22m\n\u001b[2m    \u001b[0m \u001b[90m 86 |\u001b[39m       \u001b[33m.\u001b[39msingle()\u001b[33m;\u001b[39m\u001b[22m\n\u001b[2m     \u001b[90m 87 |\u001b[39m\u001b[22m\n\u001b[2m    \u001b[31m\u001b[1m>\u001b[22m\u001b[2m\u001b[39m\u001b[90m 88 |\u001b[39m     expect(error)\u001b[33m.\u001b[39mtoBeNull()\u001b[33m;\u001b[39m\u001b[22m\n\u001b[2m     \u001b[90m    |\u001b[39m                   \u001b[31m\u001b[1m^\u001b[22m\u001b[2m\u001b[39m\u001b[22m\n\u001b[2m     \u001b[90m 89 |\u001b[39m     expect(data\u001b[33m?\u001b[39m\u001b[33m.\u001b[39mid)\u001b[33m.\u001b[39mtoBe(user\u001b[33m.\u001b[39mid)\u001b[33m;\u001b[39m\u001b[22m\n\u001b[2m     \u001b[90m 90 |\u001b[39m   })\u001b[33m;\u001b[39m\u001b[22m\n\u001b[2m     \u001b[90m 91 |\u001b[39m })\u001b[33m;\u001b[39m\u001b[0m\u001b[22m\n\u001b[2m\u001b[22m\n\u001b[2m      \u001b[2mat Object.<anonymous> (\u001b[22m\u001b[2m\u001b[0m\u001b[36m__tests__/e2e/01-auth.test.ts\u001b[39m\u001b[0m\u001b[2m:88:19)\u001b[22m\u001b[2m\u001b[22m\n","name":"C:\\Users\\kabra\\rork-versus-sport-connect\\__tests__\\e2e\\01-auth.test.ts","startTime":1772481476097,"status":"failed","summary":""},{"assertionResults":[{"ancestorTitles":["TOURNAMENTS — Création"],"duration":511,"failing":false,"failureDetails":[],"failureMessages":[],"fullName":"TOURNAMENTS — Création ✅ Knockout → status=\"draft\", type=\"knockout\"","invocations":1,"location":null,"numPassingAsserts":2,"retryReasons":[],"startAt":1772481484326,"status":"passed","title":"✅ Knockout → status=\"draft\", type=\"knockout\""},{"ancestorTitles":["TOURNAMENTS — Création"],"duration":518,"failing":false,"failureDetails":[],"failureMessages":[],"fullName":"TOURNAMENTS — Création ✅ Round Robin → status=\"draft\", type=\"round_robin\"","invocations":1,"location":null,"numPassingAsserts":2,"retryReasons":[],"startAt":1772481484838,"status":"passed","title":"✅ Round Robin → status=\"draft\", type=\"round_robin\""},{"ancestorTitles":["TOURNAMENTS — Création"],"duration":504,"failing":false,"failureDetails":[],"failureMessages":[],"fullName":"TOURNAMENTS — Création ✅ prizes JSONB : {first:X, second:Y, third:Z} correctement stocké","invocations":1,"location":null,"numPassingAsserts":4,"retryReasons":[],"startAt":1772481485356,"status":"passed","title":"✅ prizes JSONB : {first:X, second:Y, third:Z} correctement stocké"},{"ancestorTitles":["TOURNAMENTS — Création"],"duration":521,"failing":false,"failureDetails":[],"failureMessages":[],"fullName":"TOURNAMENTS — Création ✅ managers JSONB = [] par défaut","invocations":1,"location":null,"numPassingAsserts":2,"retryReasons":[],"startAt":1772481485861,"status":"passed","title":"✅ managers JSONB = [] par défaut"},{"ancestorTitles":["TOURNAMENTS — Création"],"duration":531,"failing":false,"failureDetails":[],"failureMessages":[],"fullName":"TOURNAMENTS — Création ✅ registered_teams JSONB = [] par défaut","invocations":1,"location":null,"numPassingAsserts":2,"retryReasons":[],"startAt":1772481486382,"status":"passed","title":"✅ registered_teams JSONB = [] par défaut"},{"ancestorTitles":["TOURNAMENTS — Création"],"duration":562,"failing":false,"failureDetails":[],"failureMessages":[],"fullName":"TOURNAMENTS — Création ✅ match_ids JSONB = [] par défaut","invocations":1,"location":null,"numPassingAsserts":2,"retryReasons":[],"startAt":1772481486913,"status":"passed","title":"✅ match_ids JSONB = [] par défaut"},{"ancestorTitles":["TOURNAMENTS — Inscriptions d'équipes"],"duration":1033,"failing":false,"failureDetails":[],"failureMessages":[],"fullName":"TOURNAMENTS — Inscriptions d'équipes ✅ Inscrire une équipe → apparaît dans registered_teams JSONB","invocations":1,"location":null,"numPassingAsserts":4,"retryReasons":[],"startAt":1772481487814,"status":"passed","title":"✅ Inscrire une équipe → apparaît dans registered_teams JSONB"},{"ancestorTitles":["TOURNAMENTS — Inscriptions d'équipes"],"duration":914,"failing":false,"failureDetails":[],"failureMessages":[],"fullName":"TOURNAMENTS — Inscriptions d'équipes ✅ Valider l'inscription → status passe à \"confirmed\"","invocations":1,"location":null,"numPassingAsserts":2,"retryReasons":[],"startAt":1772481488847,"status":"passed","title":"✅ Valider l'inscription → status passe à \"confirmed\""},{"ancestorTitles":["TOURNAMENTS — Inscriptions d'équipes"],"duration":808,"failing":false,"failureDetails":[],"failureMessages":[],"fullName":"TOURNAMENTS — Inscriptions d'équipes ✅ Tournoi passe à status=\"registration\" quand ouvert","invocations":1,"location":null,"numPassingAsserts":2,"retryReasons":[],"startAt":1772481489761,"status":"passed","title":"✅ Tournoi passe à status=\"registration\" quand ouvert"},{"ancestorTitles":["TOURNAMENTS — Génération de bracket"],"duration":662,"failing":false,"failureDetails":[],"failureMessages":[],"fullName":"TOURNAMENTS — Génération de bracket ✅ Knockout 4 équipes → 3 matchs créés (demis×2 + finale×1)","invocations":1,"location":null,"numPassingAsserts":1,"retryReasons":[],"startAt":1772481490884,"status":"passed","title":"✅ Knockout 4 équipes → 3 matchs créés (demis×2 + finale×1)"},{"ancestorTitles":["TOURNAMENTS — Génération de bracket"],"duration":654,"failing":false,"failureDetails":[],"failureMessages":[],"fullName":"TOURNAMENTS — Génération de bracket ✅ Round Robin 4 équipes → 6 matchs créés","invocations":1,"location":null,"numPassingAsserts":1,"retryReasons":[],"startAt":1772481491546,"status":"passed","title":"✅ Round Robin 4 équipes → 6 matchs créés"},{"ancestorTitles":["TOURNAMENTS — Finalisation"],"duration":601,"failing":false,"failureDetails":[],"failureMessages":[],"fullName":"TOURNAMENTS — Finalisation ✅ Tournoi completed → winner_id non null","invocations":1,"location":null,"numPassingAsserts":2,"retryReasons":[],"startAt":1772481492545,"status":"passed","title":"✅ Tournoi completed → winner_id non null"},{"ancestorTitles":["TOURNAMENTS — Finalisation"],"duration":531,"failing":false,"failureDetails":[],"failureMessages":[],"fullName":"TOURNAMENTS — Finalisation ✅ Distribution des prix → prize_pool correspond à prizes.first + second + third","invocations":1,"location":null,"numPassingAsserts":1,"retryReasons":[],"startAt":1772481493147,"status":"passed","title":"✅ Distribution des prix → prize_pool correspond à prizes.first + second + third"}],"endTime":1772481493997,"message":"","name":"C:\\Users\\kabra\\rork-versus-sport-connect\\__tests__\\e2e\\05-tournaments.test.ts","startTime":1772481484272,"status":"passed","summary":""},{"assertionResults":[{"ancestorTitles":["PERFORMANCE — Requêtes lourdes"],"duration":104,"failing":false,"failureDetails":[],"failureMessages":[],"fullName":"PERFORMANCE — Requêtes lourdes ✅ Récupérer 100 matchs → temps < 2s","invocations":1,"location":null,"numPassingAsserts":2,"retryReasons":[],"startAt":1772481494051,"status":"passed","title":"✅ Récupérer 100 matchs → temps < 2s"},{"ancestorTitles":["PERFORMANCE — Requêtes lourdes"],"duration":150,"failing":false,"failureDetails":[],"failureMessages":[],"fullName":"PERFORMANCE — Requêtes lourdes ✅ Recherche géographique sur tous les terrains → temps < 1s","invocations":1,"location":null,"numPassingAsserts":2,"retryReasons":[],"startAt":1772481494156,"status":"passed","title":"✅ Recherche géographique sur tous les terrains → temps < 1s"},{"ancestorTitles":["PERFORMANCE — Requêtes lourdes"],"duration":102,"failing":false,"failureDetails":[],"failureMessages":[],"fullName":"PERFORMANCE — Requêtes lourdes ✅ Top 100 ranking → temps < 1s","invocations":1,"location":null,"numPassingAsserts":2,"retryReasons":[],"startAt":1772481494306,"status":"passed","title":"✅ Top 100 ranking → temps < 1s"},{"ancestorTitles":["PERFORMANCE — Requêtes lourdes"],"duration":507,"failing":false,"failureDetails":[],"failureMessages":[],"fullName":"PERFORMANCE — Requêtes lourdes ✅ Charger le profil complet d'un user → < 1s","invocations":1,"location":null,"numPassingAsserts":2,"retryReasons":[],"startAt":1772481494409,"status":"passed","title":"✅ Charger le profil complet d'un user → < 1s"},{"ancestorTitles":["EDGE CASES — Données limites"],"duration":630,"failing":false,"failureDetails":[],"failureMessages":[],"fullName":"EDGE CASES — Données limites ✅ Match avec 0 joueur inscrit → finalisable sans erreur","invocations":1,"location":null,"numPassingAsserts":2,"retryReasons":[],"startAt":1772481495019,"status":"passed","title":"✅ Match avec 0 joueur inscrit → finalisable sans erreur"},{"ancestorTitles":["EDGE CASES — Données limites"],"duration":630,"failing":false,"failureDetails":[],"failureMessages":[],"fullName":"EDGE CASES — Données limites ✅ Match avec 1 seul joueur → MVP peut être assigné","invocations":1,"location":null,"numPassingAsserts":1,"retryReasons":[],"startAt":1772481495650,"status":"passed","title":"✅ Match avec 1 seul joueur → MVP peut être assigné"},{"ancestorTitles":["EDGE CASES — Données limites"],"duration":498,"failing":false,"failureDetails":[],"failureMessages":[],"fullName":"EDGE CASES — Données limites ✅ Équipe avec 1 seul membre (le capitaine) → peut jouer un match","invocations":1,"location":null,"numPassingAsserts":2,"retryReasons":[],"startAt":1772481496281,"status":"passed","title":"✅ Équipe avec 1 seul membre (le capitaine) → peut jouer un match"},{"ancestorTitles":["EDGE CASES — Données limites"],"duration":531,"failing":false,"failureDetails":[],"failureMessages":[],"fullName":"EDGE CASES — Données limites ✅ User sans player_rankings → appel au ranking retourne null/vide","invocations":1,"location":null,"numPassingAsserts":2,"retryReasons":[],"startAt":1772481496779,"status":"passed","title":"✅ User sans player_rankings → appel au ranking retourne null/vide"},{"ancestorTitles":["EDGE CASES — Données limites"],"duration":636,"failing":false,"failureDetails":[],"failureMessages":[],"fullName":"EDGE CASES — Données limites ✅ Score match très élevé (50-0) → accepté","invocations":1,"location":null,"numPassingAsserts":2,"retryReasons":[],"startAt":1772481497311,"status":"passed","title":"✅ Score match très élevé (50-0) → accepté"},{"ancestorTitles":["EDGE CASES — Données limites"],"duration":497,"failing":false,"failureDetails":[],"failureMessages":[],"fullName":"EDGE CASES — Données limites ✅ ELO à 0 → ne peut pas descendre sous 0","invocations":1,"location":null,"numPassingAsserts":1,"retryReasons":[],"startAt":1772481497947,"status":"passed","title":"✅ ELO à 0 → ne peut pas descendre sous 0"},{"ancestorTitles":["EDGE CASES — Données limites"],"duration":662,"failing":false,"failureDetails":[],"failureMessages":[],"fullName":"EDGE CASES — Données limites ✅ ELO à 9999 → fonctionne sans overflow","invocations":1,"location":null,"numPassingAsserts":1,"retryReasons":[],"startAt":1772481498444,"status":"passed","title":"✅ ELO à 9999 → fonctionne sans overflow"},{"ancestorTitles":["EDGE CASES — Données limites"],"duration":531,"failing":false,"failureDetails":[],"failureMessages":[],"fullName":"EDGE CASES — Données limites ✅ Nom d'équipe avec caractères spéciaux → accepté","invocations":1,"location":null,"numPassingAsserts":1,"retryReasons":[],"startAt":1772481499106,"status":"passed","title":"✅ Nom d'équipe avec caractères spéciaux → accepté"},{"ancestorTitles":["EDGE CASES — Données limites"],"duration":401,"failing":false,"failureDetails":[],"failureMessages":[],"fullName":"EDGE CASES — Données limites ✅ Bio vide string \"\" → acceptée","invocations":1,"location":null,"numPassingAsserts":1,"retryReasons":[],"startAt":1772481499637,"status":"passed","title":"✅ Bio vide string \"\" → acceptée"},{"ancestorTitles":["EDGE CASES — Concurrence"],"duration":1733,"failing":false,"failureDetails":[],"failureMessages":[],"fullName":"EDGE CASES — Concurrence ✅ Deux users rejoignent le même match simultanément","invocations":1,"location":null,"numPassingAsserts":1,"retryReasons":[],"startAt":1772481500605,"status":"passed","title":"✅ Deux users rejoignent le même match simultanément"}],"endTime":1772481502662,"message":"","name":"C:\\Users\\kabra\\rork-versus-sport-connect\\__tests__\\e2e\\14-performance-edge-cases.test.ts","startTime":1772481494003,"status":"passed","summary":""},{"assertionResults":[{"ancestorTitles":["ADMIN — Contrôle d'accès"],"duration":542,"failing":false,"failureDetails":[],"failureMessages":[],"fullName":"ADMIN — Contrôle d'accès ✅ Requête avec role=\"admin\" → accès autorisé","invocations":1,"location":null,"numPassingAsserts":2,"retryReasons":[],"startAt":1772481502715,"status":"passed","title":"✅ Requête avec role=\"admin\" → accès autorisé"},{"ancestorTitles":["ADMIN — Contrôle d'accès"],"duration":412,"failing":false,"failureDetails":[],"failureMessages":[],"fullName":"ADMIN — Contrôle d'accès ❌ Requête avec role=\"user\" → accès limité","invocations":1,"location":null,"numPassingAsserts":1,"retryReasons":[],"startAt":1772481503257,"status":"passed","title":"❌ Requête avec role=\"user\" → accès limité"},{"ancestorTitles":["ADMIN — Gestion utilisateurs"],"duration":962,"failing":false,"failureDetails":[],"failureMessages":[],"fullName":"ADMIN — Gestion utilisateurs ✅ Lister tous les users → retourne la liste complète","invocations":1,"location":null,"numPassingAsserts":2,"retryReasons":[],"startAt":1772481503772,"status":"passed","title":"✅ Lister tous les users → retourne la liste complète"},{"ancestorTitles":["ADMIN — Gestion utilisateurs"],"duration":662,"failing":false,"failureDetails":[],"failureMessages":[],"fullName":"ADMIN — Gestion utilisateurs ✅ Vérifier un user → is_verified passe à true","invocations":1,"location":null,"numPassingAsserts":2,"retryReasons":[],"startAt":1772481504734,"status":"passed","title":"✅ Vérifier un user → is_verified passe à true"},{"ancestorTitles":["ADMIN — Gestion utilisateurs"],"duration":644,"failing":false,"failureDetails":[],"failureMessages":[],"fullName":"ADMIN — Gestion utilisateurs ✅ Attribuer premium → is_premium passe à true","invocations":1,"location":null,"numPassingAsserts":2,"retryReasons":[],"startAt":1772481505396,"status":"passed","title":"✅ Attribuer premium → is_premium passe à true"},{"ancestorTitles":["ADMIN — Gestion utilisateurs"],"duration":677,"failing":false,"failureDetails":[],"failureMessages":[],"fullName":"ADMIN — Gestion utilisateurs ✅ Révoquer premium → is_premium repasse à false","invocations":1,"location":null,"numPassingAsserts":2,"retryReasons":[],"startAt":1772481506040,"status":"passed","title":"✅ Révoquer premium → is_premium repasse à false"},{"ancestorTitles":["ADMIN — Gestion utilisateurs"],"duration":691,"failing":false,"failureDetails":[{"matcherResult":{"actual":1,"expected":0,"message":"\u001b[2mexpect(\u001b[22m\u001b[31mreceived\u001b[39m\u001b[2m).\u001b[22mtoBe\u001b[2m(\u001b[22m\u001b[32mexpected\u001b[39m\u001b[2m) // Object.is equality\u001b[22m\n\nExpected: \u001b[32m0\u001b[39m\nReceived: \u001b[31m1\u001b[39m","name":"toBe","pass":false}}],"failureMessages":["Error: \u001b[2mexpect(\u001b[22m\u001b[31mreceived\u001b[39m\u001b[2m).\u001b[22mtoBe\u001b[2m(\u001b[22m\u001b[32mexpected\u001b[39m\u001b[2m) // Object.is equality\u001b[22m\n\nExpected: \u001b[32m0\u001b[39m\nReceived: \u001b[31m1\u001b[39m\n    at Object.<anonymous> (C:\\Users\\kabra\\rork-versus-sport-connect\\__tests__\\e2e\\11-admin.test.ts:126:26)\n    at processTicksAndRejections (node:internal/process/task_queues:103:5)"],"fullName":"ADMIN — Gestion utilisateurs ✅ Supprimer un user → user retiré de la BDD","invocations":1,"location":null,"numPassingAsserts":2,"retryReasons":[],"startAt":1772481506718,"status":"failed","title":"✅ Supprimer un user → user retiré de la BDD"},{"ancestorTitles":["ADMIN — Gestion matchs"],"duration":866,"failing":false,"failureDetails":[],"failureMessages":[],"fullName":"ADMIN — Gestion matchs ✅ Admin supprime n'importe quel match → OK","invocations":1,"location":null,"numPassingAsserts":1,"retryReasons":[],"startAt":1772481507570,"status":"passed","title":"✅ Admin supprime n'importe quel match → OK"},{"ancestorTitles":["ADMIN — Gestion matchs"],"duration":945,"failing":false,"failureDetails":[],"failureMessages":[],"fullName":"ADMIN — Gestion matchs ✅ Admin modifie n'importe quel match → OK","invocations":1,"location":null,"numPassingAsserts":2,"retryReasons":[],"startAt":1772481508436,"status":"passed","title":"✅ Admin modifie n'importe quel match → OK"},{"ancestorTitles":["ADMIN — Statistiques globales"],"duration":971,"failing":false,"failureDetails":[],"failureMessages":[],"fullName":"ADMIN — Statistiques globales ✅ Count users → chiffre correct","invocations":1,"location":null,"numPassingAsserts":2,"retryReasons":[],"startAt":1772481509686,"status":"passed","title":"✅ Count users → chiffre correct"},{"ancestorTitles":["ADMIN — Statistiques globales"],"duration":1041,"failing":false,"failureDetails":[],"failureMessages":[],"fullName":"ADMIN — Statistiques globales ✅ Count matchs créés → chiffre correct","invocations":1,"location":null,"numPassingAsserts":2,"retryReasons":[],"startAt":1772481510657,"status":"passed","title":"✅ Count matchs créés → chiffre correct"}],"endTime":1772481512027,"message":"\u001b[1m\u001b[31m  \u001b[1m● \u001b[22m\u001b[1mADMIN — Gestion utilisateurs › ✅ Supprimer un user → user retiré de la BDD\u001b[39m\u001b[22m\n\n    \u001b[2mexpect(\u001b[22m\u001b[31mreceived\u001b[39m\u001b[2m).\u001b[22mtoBe\u001b[2m(\u001b[22m\u001b[32mexpected\u001b[39m\u001b[2m) // Object.is equality\u001b[22m\n\n    Expected: \u001b[32m0\u001b[39m\n    Received: \u001b[31m1\u001b[39m\n\u001b[2m\u001b[22m\n\u001b[2m    \u001b[0m \u001b[90m 124 |\u001b[39m\u001b[22m\n\u001b[2m     \u001b[90m 125 |\u001b[39m     expect(data)\u001b[33m.\u001b[39mtoBeDefined()\u001b[33m;\u001b[39m\u001b[22m\n\u001b[2m    \u001b[31m\u001b[1m>\u001b[22m\u001b[2m\u001b[39m\u001b[90m 126 |\u001b[39m     expect(data\u001b[33m!\u001b[39m\u001b[33m.\u001b[39mlength)\u001b[33m.\u001b[39mtoBe(\u001b[35m0\u001b[39m)\u001b[33m;\u001b[39m\u001b[22m\n\u001b[2m     \u001b[90m     |\u001b[39m                          \u001b[31m\u001b[1m^\u001b[22m\u001b[2m\u001b[39m\u001b[22m\n\u001b[2m     \u001b[90m 127 |\u001b[39m   })\u001b[33m;\u001b[39m\u001b[22m\n\u001b[2m     \u001b[90m 128 |\u001b[39m })\u001b[33m;\u001b[39m\u001b[22m\n\u001b[2m     \u001b[90m 129 |\u001b[39m\u001b[0m\u001b[22m\n\u001b[2m\u001b[22m\n\u001b[2m      \u001b[2mat Object.<anonymous> (\u001b[22m\u001b[2m\u001b[0m\u001b[36m__tests__/e2e/11-admin.test.ts\u001b[39m\u001b[0m\u001b[2m:126:26)\u001b[22m\u001b[2m\u001b[22m\n","name":"C:\\Users\\kabra\\rork-versus-sport-connect\\__tests__\\e2e\\11-admin.test.ts","startTime":1772481502668,"status":"failed","summary":""},{"assertionResults":[{"ancestorTitles":["TEAMS — Création"],"duration":551,"failing":false,"failureDetails":[],"failureMessages":[],"fullName":"TEAMS — Création ✅ Créer une équipe → captain_id = créateur","invocations":1,"location":null,"numPassingAsserts":1,"retryReasons":[],"startAt":1772481512081,"status":"passed","title":"✅ Créer une équipe → captain_id = créateur"},{"ancestorTitles":["TEAMS — Création"],"duration":566,"failing":false,"failureDetails":[],"failureMessages":[],"fullName":"TEAMS — Création ✅ Créer → members JSONB contient déjà le capitaine","invocations":1,"location":null,"numPassingAsserts":3,"retryReasons":[],"startAt":1772481512632,"status":"passed","title":"✅ Créer → members JSONB contient déjà le capitaine"},{"ancestorTitles":["TEAMS — Création"],"duration":561,"failing":false,"failureDetails":[],"failureMessages":[],"fullName":"TEAMS — Création ✅ Créer → co_captain_ids JSONB = [] par défaut","invocations":1,"location":null,"numPassingAsserts":2,"retryReasons":[],"startAt":1772481513199,"status":"passed","title":"✅ Créer → co_captain_ids JSONB = [] par défaut"},{"ancestorTitles":["TEAMS — Création"],"duration":530,"failing":false,"failureDetails":[],"failureMessages":[],"fullName":"TEAMS — Création ✅ Créer → join_requests JSONB = [] par défaut","invocations":1,"location":null,"numPassingAsserts":2,"retryReasons":[],"startAt":1772481513760,"status":"passed","title":"✅ Créer → join_requests JSONB = [] par défaut"},{"ancestorTitles":["TEAMS — Création"],"duration":566,"failing":false,"failureDetails":[],"failureMessages":[],"fullName":"TEAMS — Création ✅ Créer → stats JSONB initialisé","invocations":1,"location":null,"numPassingAsserts":3,"retryReasons":[],"startAt":1772481514291,"status":"passed","title":"✅ Créer → stats JSONB initialisé"},{"ancestorTitles":["TEAMS — Création"],"duration":525,"failing":false,"failureDetails":[],"failureMessages":[],"fullName":"TEAMS — Création ✅ Créer avec is_recruiting = true → persisté","invocations":1,"location":null,"numPassingAsserts":1,"retryReasons":[],"startAt":1772481514857,"status":"passed","title":"✅ Créer avec is_recruiting = true → persisté"},{"ancestorTitles":["TEAMS — Adhésion"],"duration":1234,"failing":false,"failureDetails":[],"failureMessages":[],"fullName":"TEAMS — Adhésion ✅ Envoyer demande → apparaît dans join_requests JSONB","invocations":1,"location":null,"numPassingAsserts":4,"retryReasons":[],"startAt":1772481515594,"status":"passed","title":"✅ Envoyer demande → apparaît dans join_requests JSONB"},{"ancestorTitles":["TEAMS — Adhésion"],"duration":1151,"failing":false,"failureDetails":[],"failureMessages":[],"fullName":"TEAMS — Adhésion ✅ Accepter demande → user ajouté dans members JSONB","invocations":1,"location":null,"numPassingAsserts":3,"retryReasons":[],"startAt":1772481516829,"status":"passed","title":"✅ Accepter demande → user ajouté dans members JSONB"},{"ancestorTitles":["TEAMS — Rôles et permissions"],"duration":1216,"failing":false,"failureDetails":[],"failureMessages":[],"fullName":"TEAMS — Rôles et permissions ✅ Capitaine peut nommer un co-capitaine → co_captain_ids mis à jour","invocations":1,"location":null,"numPassingAsserts":3,"retryReasons":[],"startAt":1772481518198,"status":"passed","title":"✅ Capitaine peut nommer un co-capitaine → co_captain_ids mis à jour"},{"ancestorTitles":["TEAMS — Rôles et permissions"],"duration":1286,"failing":false,"failureDetails":[],"failureMessages":[],"fullName":"TEAMS — Rôles et permissions ✅ Capitaine peut exclure un membre → retiré de members JSONB","invocations":1,"location":null,"numPassingAsserts":3,"retryReasons":[],"startAt":1772481519414,"status":"passed","title":"✅ Capitaine peut exclure un membre → retiré de members JSONB"},{"ancestorTitles":["TEAMS — Stats et réputation"],"duration":844,"failing":false,"failureDetails":[],"failureMessages":[],"fullName":"TEAMS — Stats et réputation ✅ Après un match gagné → stats.wins +1, stats.matchesPlayed +1","invocations":1,"location":null,"numPassingAsserts":3,"retryReasons":[],"startAt":1772481520940,"status":"passed","title":"✅ Après un match gagné → stats.wins +1, stats.matchesPlayed +1"}],"endTime":1772481521999,"message":"","name":"C:\\Users\\kabra\\rork-versus-sport-connect\\__tests__\\e2e\\04-teams.test.ts","startTime":1772481512033,"status":"passed","summary":""},{"assertionResults":[{"ancestorTitles":["NOTIFICATIONS — Création automatique"],"duration":623,"failing":false,"failureDetails":[],"failureMessages":[],"fullName":"NOTIFICATIONS — Création automatique ✅ Notification type=\"match\" créée correctement","invocations":1,"location":null,"numPassingAsserts":3,"retryReasons":[],"startAt":1772481522058,"status":"passed","title":"✅ Notification type=\"match\" créée correctement"},{"ancestorTitles":["NOTIFICATIONS — Création automatique"],"duration":574,"failing":false,"failureDetails":[],"failureMessages":[],"fullName":"NOTIFICATIONS — Création automatique ✅ Notification type=\"team\" créée correctement","invocations":1,"location":null,"numPassingAsserts":2,"retryReasons":[],"startAt":1772481522681,"status":"passed","title":"✅ Notification type=\"team\" créée correctement"},{"ancestorTitles":["NOTIFICATIONS — Création automatique"],"duration":548,"failing":false,"failureDetails":[],"failureMessages":[],"fullName":"NOTIFICATIONS — Création automatique ✅ Notification type=\"tournament\" créée correctement","invocations":1,"location":null,"numPassingAsserts":2,"retryReasons":[],"startAt":1772481523256,"status":"passed","title":"✅ Notification type=\"tournament\" créée correctement"},{"ancestorTitles":["NOTIFICATIONS — Création automatique"],"duration":613,"failing":false,"failureDetails":[],"failureMessages":[],"fullName":"NOTIFICATIONS — Création automatique ✅ Notification type=\"ranking\" créée correctement","invocations":1,"location":null,"numPassingAsserts":2,"retryReasons":[],"startAt":1772481523804,"status":"passed","title":"✅ Notification type=\"ranking\" créée correctement"},{"ancestorTitles":["NOTIFICATIONS — Structure"],"duration":548,"failing":false,"failureDetails":[],"failureMessages":[],"fullName":"NOTIFICATIONS — Structure ✅ Chaque notification a tous les champs requis","invocations":1,"location":null,"numPassingAsserts":9,"retryReasons":[],"startAt":1772481524631,"status":"passed","title":"✅ Chaque notification a tous les champs requis"},{"ancestorTitles":["NOTIFICATIONS — Structure"],"duration":537,"failing":false,"failureDetails":[],"failureMessages":[],"fullName":"NOTIFICATIONS — Structure ✅ data JSONB contient les métadonnées utiles","invocations":1,"location":null,"numPassingAsserts":4,"retryReasons":[],"startAt":1772481525180,"status":"passed","title":"✅ data JSONB contient les métadonnées utiles"},{"ancestorTitles":["NOTIFICATIONS — Gestion"],"duration":777,"failing":false,"failureDetails":[],"failureMessages":[],"fullName":"NOTIFICATIONS — Gestion ✅ Marquer une notification comme lue → read = true","invocations":1,"location":null,"numPassingAsserts":2,"retryReasons":[],"startAt":1772481525925,"status":"passed","title":"✅ Marquer une notification comme lue → read = true"},{"ancestorTitles":["NOTIFICATIONS — Gestion"],"duration":772,"failing":false,"failureDetails":[],"failureMessages":[],"fullName":"NOTIFICATIONS — Gestion ✅ Supprimer une notification → retirée de la BDD","invocations":1,"location":null,"numPassingAsserts":2,"retryReasons":[],"startAt":1772481526703,"status":"passed","title":"✅ Supprimer une notification → retirée de la BDD"},{"ancestorTitles":["NOTIFICATIONS — Gestion"],"duration":878,"failing":false,"failureDetails":[],"failureMessages":[],"fullName":"NOTIFICATIONS — Gestion ✅ Récupérer uniquement non lues → filtre read=false fonctionnel","invocations":1,"location":null,"numPassingAsserts":2,"retryReasons":[],"startAt":1772481527475,"status":"passed","title":"✅ Récupérer uniquement non lues → filtre read=false fonctionnel"},{"ancestorTitles":["NOTIFICATIONS — Gestion"],"duration":909,"failing":false,"failureDetails":[],"failureMessages":[],"fullName":"NOTIFICATIONS — Gestion ✅ Notifications triées par created_at DESC","invocations":1,"location":null,"numPassingAsserts":2,"retryReasons":[],"startAt":1772481528353,"status":"passed","title":"✅ Notifications triées par created_at DESC"}],"endTime":1772481529468,"message":"","name":"C:\\Users\\kabra\\rork-versus-sport-connect\\__tests__\\e2e\\07-notifications.test.ts","startTime":1772481522005,"status":"passed","summary":""},{"assertionResults":[{"ancestorTitles":["ELO — Calcul mathématique"],"duration":1104,"failing":false,"failureDetails":[],"failureMessages":[],"fullName":"ELO — Calcul mathématique ✅ PlayerA bat PlayerB → playerA gagne ~8 pts, playerB perd ~8 pts","invocations":1,"location":null,"numPassingAsserts":4,"retryReasons":[],"startAt":1772481529527,"status":"passed","title":"✅ PlayerA bat PlayerB → playerA gagne ~8 pts, playerB perd ~8 pts"},{"ancestorTitles":["ELO — Calcul mathématique"],"duration":797,"failing":false,"failureDetails":[],"failureMessages":[],"fullName":"ELO — Calcul mathématique ✅ ELO ne peut pas descendre sous 0","invocations":1,"location":null,"numPassingAsserts":2,"retryReasons":[],"startAt":1772481530631,"status":"passed","title":"✅ ELO ne peut pas descendre sous 0"},{"ancestorTitles":["ELO — Calcul mathématique"],"duration":0,"failing":false,"failureDetails":[],"failureMessages":[],"fullName":"ELO — Calcul mathématique ✅ K-factor = 40 si matches_played < 10","invocations":1,"location":null,"numPassingAsserts":1,"retryReasons":[],"startAt":1772481531428,"status":"passed","title":"✅ K-factor = 40 si matches_played < 10"},{"ancestorTitles":["ELO — Calcul mathématique"],"duration":0,"failing":false,"failureDetails":[],"failureMessages":[],"fullName":"ELO — Calcul mathématique ✅ K-factor = 20 si matches_played entre 10 et 20","invocations":1,"location":null,"numPassingAsserts":1,"retryReasons":[],"startAt":1772481531429,"status":"passed","title":"✅ K-factor = 20 si matches_played entre 10 et 20"},{"ancestorTitles":["ELO — Calcul mathématique"],"duration":0,"failing":false,"failureDetails":[],"failureMessages":[],"fullName":"ELO — Calcul mathématique ✅ K-factor = 16 si matches_played > 20","invocations":1,"location":null,"numPassingAsserts":1,"retryReasons":[],"startAt":1772481531429,"status":"passed","title":"✅ K-factor = 16 si matches_played > 20"},{"ancestorTitles":["ELO — Création automatique ranking"],"duration":522,"failing":false,"failureDetails":[],"failureMessages":[],"fullName":"ELO — Création automatique ranking ✅ Premier match ranked → player_rankings créé avec ELO=1000","invocations":1,"location":null,"numPassingAsserts":3,"retryReasons":[],"startAt":1772481531642,"status":"passed","title":"✅ Premier match ranked → player_rankings créé avec ELO=1000"},{"ancestorTitles":["ELO — Création automatique ranking"],"duration":660,"failing":false,"failureDetails":[],"failureMessages":[],"fullName":"ELO — Création automatique ranking ✅ Un user peut avoir plusieurs player_rankings (un par sport)","invocations":1,"location":null,"numPassingAsserts":4,"retryReasons":[],"startAt":1772481532164,"status":"passed","title":"✅ Un user peut avoir plusieurs player_rankings (un par sport)"},{"ancestorTitles":["ELO — Classements globaux"],"duration":1811,"failing":false,"failureDetails":[],"failureMessages":[],"fullName":"ELO — Classements globaux ✅ Top 100 par sport → trié par elo_rating DESC","invocations":1,"location":null,"numPassingAsserts":2,"retryReasons":[],"startAt":1772481533063,"status":"passed","title":"✅ Top 100 par sport → trié par elo_rating DESC"},{"ancestorTitles":["ELO — Classements globaux"],"duration":844,"failing":false,"failureDetails":[],"failureMessages":[],"fullName":"ELO — Classements globaux ✅ rank = position dans le classement global","invocations":1,"location":null,"numPassingAsserts":2,"retryReasons":[],"startAt":1772481534875,"status":"passed","title":"✅ rank = position dans le classement global"},{"ancestorTitles":["ELO — recent_form"],"duration":769,"failing":false,"failureDetails":[],"failureMessages":[],"fullName":"ELO — recent_form ✅ Après victoire → \"W\" ajouté en tête de recent_form","invocations":1,"location":null,"numPassingAsserts":2,"retryReasons":[],"startAt":1772481535948,"status":"passed","title":"✅ Après victoire → \"W\" ajouté en tête de recent_form"},{"ancestorTitles":["ELO — recent_form"],"duration":758,"failing":false,"failureDetails":[],"failureMessages":[],"fullName":"ELO — recent_form ✅ recent_form max 5 caractères","invocations":1,"location":null,"numPassingAsserts":2,"retryReasons":[],"startAt":1772481536718,"status":"passed","title":"✅ recent_form max 5 caractères"},{"ancestorTitles":["ELO — Badges"],"duration":0,"failing":false,"failureDetails":[],"failureMessages":[],"fullName":"ELO — Badges ✅ ELO 0-999 → badge \"Bronze\"","invocations":1,"location":null,"numPassingAsserts":2,"retryReasons":[],"startAt":1772481537717,"status":"passed","title":"✅ ELO 0-999 → badge \"Bronze\""},{"ancestorTitles":["ELO — Badges"],"duration":1,"failing":false,"failureDetails":[],"failureMessages":[],"fullName":"ELO — Badges ✅ ELO 1000-1199 → badge \"Silver\"","invocations":1,"location":null,"numPassingAsserts":2,"retryReasons":[],"startAt":1772481537717,"status":"passed","title":"✅ ELO 1000-1199 → badge \"Silver\""},{"ancestorTitles":["ELO — Badges"],"duration":0,"failing":false,"failureDetails":[],"failureMessages":[],"fullName":"ELO — Badges ✅ ELO 1200-1399 → badge \"Gold\"","invocations":1,"location":null,"numPassingAsserts":2,"retryReasons":[],"startAt":1772481537718,"status":"passed","title":"✅ ELO 1200-1399 → badge \"Gold\""},{"ancestorTitles":["ELO — Badges"],"duration":0,"failing":false,"failureDetails":[],"failureMessages":[],"fullName":"ELO — Badges ✅ ELO 2000+ → badge \"Grandmaster\"","invocations":1,"location":null,"numPassingAsserts":2,"retryReasons":[],"startAt":1772481537718,"status":"passed","title":"✅ ELO 2000+ → badge \"Grandmaster\""},{"ancestorTitles":["ELO — peak_rating"],"duration":647,"failing":false,"failureDetails":[],"failureMessages":[],"fullName":"ELO — peak_rating ✅ peak_rating = valeur maximale jamais atteinte","invocations":1,"location":null,"numPassingAsserts":1,"retryReasons":[],"startAt":1772481537719,"status":"passed","title":"✅ peak_rating = valeur maximale jamais atteinte"},{"ancestorTitles":["ELO — peak_rating"],"duration":773,"failing":false,"failureDetails":[],"failureMessages":[],"fullName":"ELO — peak_rating ✅ peak_rating ne diminue JAMAIS","invocations":1,"location":null,"numPassingAsserts":2,"retryReasons":[],"startAt":1772481538366,"status":"passed","title":"✅ peak_rating ne diminue JAMAIS"}],"endTime":1772481539504,"message":"","name":"C:\\Users\\kabra\\rork-versus-sport-connect\\__tests__\\e2e\\06-ranking-elo.test.ts","startTime":1772481529475,"status":"passed","summary":""},{"assertionResults":[{"ancestorTitles":["TROPHIES — Déblocage automatique"],"duration":546,"failing":false,"failureDetails":[],"failureMessages":[],"fullName":"TROPHIES — Déblocage automatique ✅ 1er match joué → \"first_match\" débloqué (rarity=common)","invocations":1,"location":null,"numPassingAsserts":3,"retryReasons":[],"startAt":1772481539562,"status":"passed","title":"✅ 1er match joué → \"first_match\" débloqué (rarity=common)"},{"ancestorTitles":["TROPHIES — Déblocage automatique"],"duration":540,"failing":false,"failureDetails":[],"failureMessages":[],"fullName":"TROPHIES — Déblocage automatique ✅ 1ère victoire → \"first_win\" débloqué","invocations":1,"location":null,"numPassingAsserts":2,"retryReasons":[],"startAt":1772481540109,"status":"passed","title":"✅ 1ère victoire → \"first_win\" débloqué"},{"ancestorTitles":["TROPHIES — Déblocage automatique"],"duration":635,"failing":false,"failureDetails":[],"failureMessages":[],"fullName":"TROPHIES — Déblocage automatique ✅ Hat-trick (3 buts dans 1 match) → \"hat_trick\" débloqué (rarity=rare)","invocations":1,"location":null,"numPassingAsserts":3,"retryReasons":[],"startAt":1772481540650,"status":"passed","title":"✅ Hat-trick (3 buts dans 1 match) → \"hat_trick\" débloqué (rarity=rare)"},{"ancestorTitles":["TROPHIES — Déblocage automatique"],"duration":803,"failing":false,"failureDetails":[],"failureMessages":[],"fullName":"TROPHIES — Déblocage automatique ✅ 1er tournoi gagné → \"champion\" débloqué (rarity=legendary)","invocations":1,"location":null,"numPassingAsserts":3,"retryReasons":[],"startAt":1772481541286,"status":"passed","title":"✅ 1er tournoi gagné → \"champion\" débloqué (rarity=legendary)"},{"ancestorTitles":["TROPHIES — Déblocage automatique"],"duration":907,"failing":false,"failureDetails":[],"failureMessages":[],"fullName":"TROPHIES — Déblocage automatique ✅ Créer une équipe → \"team_creator\" débloqué","invocations":1,"location":null,"numPassingAsserts":2,"retryReasons":[],"startAt":1772481542089,"status":"passed","title":"✅ Créer une équipe → \"team_creator\" débloqué"},{"ancestorTitles":["TROPHIES — Déblocage automatique"],"duration":956,"failing":false,"failureDetails":[],"failureMessages":[],"fullName":"TROPHIES — Déblocage automatique ✅ Atteindre ELO Silver (1000) → trophée débloqué","invocations":1,"location":null,"numPassingAsserts":2,"retryReasons":[],"startAt":1772481542996,"status":"passed","title":"✅ Atteindre ELO Silver (1000) → trophée débloqué"},{"ancestorTitles":["TROPHIES — Déblocage automatique"],"duration":661,"failing":false,"failureDetails":[],"failureMessages":[],"fullName":"TROPHIES — Déblocage automatique ✅ Atteindre ELO Grandmaster (2000) → trophée légendaire débloqué","invocations":1,"location":null,"numPassingAsserts":3,"retryReasons":[],"startAt":1772481543952,"status":"passed","title":"✅ Atteindre ELO Grandmaster (2000) → trophée légendaire débloqué"},{"ancestorTitles":["TROPHIES — Règles"],"duration":554,"failing":false,"failureDetails":[],"failureMessages":[],"fullName":"TROPHIES — Règles ✅ unlocked_at = timestamp du moment exact du déblocage","invocations":1,"location":null,"numPassingAsserts":4,"retryReasons":[],"startAt":1772481544868,"status":"passed","title":"✅ unlocked_at = timestamp du moment exact du déblocage"},{"ancestorTitles":["TROPHIES — Règles"],"duration":731,"failing":false,"failureDetails":[],"failureMessages":[],"fullName":"TROPHIES — Règles ✅ Trophée apparaît dans le profil user","invocations":1,"location":null,"numPassingAsserts":2,"retryReasons":[],"startAt":1772481545423,"status":"passed","title":"✅ Trophée apparaît dans le profil user"},{"ancestorTitles":["TROPHIES — Règles"],"duration":0,"failing":false,"failureDetails":[],"failureMessages":[],"fullName":"TROPHIES — Règles ✅ Rareté correcte : common < rare < epic < legendary","invocations":1,"location":null,"numPassingAsserts":3,"retryReasons":[],"startAt":1772481546154,"status":"passed","title":"✅ Rareté correcte : common < rare < epic < legendary"}],"endTime":1772481546391,"message":"","name":"C:\\Users\\kabra\\rork-versus-sport-connect\\__tests__\\e2e\\10-trophies.test.ts","startTime":1772481539511,"status":"passed","summary":""},{"assertionResults":[{"ancestorTitles":["CHAT — Messages d'équipe"],"duration":701,"failing":false,"failureDetails":[],"failureMessages":[],"fullName":"CHAT — Messages d'équipe ✅ Envoyer un message → créé en BDD avec tous les champs","invocations":1,"location":null,"numPassingAsserts":4,"retryReasons":[],"startAt":1772481546446,"status":"passed","title":"✅ Envoyer un message → créé en BDD avec tous les champs"},{"ancestorTitles":["CHAT — Messages d'équipe"],"duration":1024,"failing":false,"failureDetails":[],"failureMessages":[],"fullName":"CHAT — Messages d'équipe ✅ Récupérer historique → trié par created_at ASC","invocations":1,"location":null,"numPassingAsserts":2,"retryReasons":[],"startAt":1772481547147,"status":"passed","title":"✅ Récupérer historique → trié par created_at ASC"},{"ancestorTitles":["CHAT — Messages d'équipe"],"duration":943,"failing":false,"failureDetails":[],"failureMessages":[],"fullName":"CHAT — Messages d'équipe ✅ Marquer messages lus → read = true","invocations":1,"location":null,"numPassingAsserts":2,"retryReasons":[],"startAt":1772481548171,"status":"passed","title":"✅ Marquer messages lus → read = true"},{"ancestorTitles":["CHAT — Messages d'équipe"],"duration":712,"failing":false,"failureDetails":[],"failureMessages":[],"fullName":"CHAT — Messages d'équipe ✅ Message avec émojis → correctement stocké","invocations":1,"location":null,"numPassingAsserts":2,"retryReasons":[],"startAt":1772481549115,"status":"passed","title":"✅ Message avec émojis → correctement stocké"},{"ancestorTitles":["CHAT — Messages d'équipe"],"duration":686,"failing":false,"failureDetails":[],"failureMessages":[],"fullName":"CHAT — Messages d'équipe ✅ Message long (1000 caractères) → accepté","invocations":1,"location":null,"numPassingAsserts":2,"retryReasons":[],"startAt":1772481549827,"status":"passed","title":"✅ Message long (1000 caractères) → accepté"},{"ancestorTitles":["CHAT — Messages privés"],"duration":945,"failing":false,"failureDetails":[],"failureMessages":[],"fullName":"CHAT — Messages privés ✅ Premier message → conversation créée","invocations":1,"location":null,"numPassingAsserts":2,"retryReasons":[],"startAt":1772481550991,"status":"passed","title":"✅ Premier message → conversation créée"},{"ancestorTitles":["CHAT — Messages privés"],"duration":1011,"failing":false,"failureDetails":[],"failureMessages":[],"fullName":"CHAT — Messages privés ✅ conversation_id cohérent entre les 2 participants","invocations":1,"location":null,"numPassingAsserts":1,"retryReasons":[],"startAt":1772481551936,"status":"passed","title":"✅ conversation_id cohérent entre les 2 participants"},{"ancestorTitles":["CHAT — Messages privés"],"duration":1557,"failing":false,"failureDetails":[],"failureMessages":[],"fullName":"CHAT — Messages privés ✅ Supprimer conversation → tous les messages supprimés","invocations":1,"location":null,"numPassingAsserts":2,"retryReasons":[],"startAt":1772481552947,"status":"passed","title":"✅ Supprimer conversation → tous les messages supprimés"}],"endTime":1772481554746,"message":"","name":"C:\\Users\\kabra\\rork-versus-sport-connect\\__tests__\\e2e\\08-chat.test.ts","startTime":1772481546396,"status":"passed","summary":""},{"assertionResults":[{"ancestorTitles":["RLS — Accès non authentifié"],"duration":33,"failing":false,"failureDetails":[],"failureMessages":[],"fullName":"RLS — Accès non authentifié ❌ Lire les users → refusé ou limité","invocations":1,"location":null,"numPassingAsserts":1,"retryReasons":[],"startAt":1772481554803,"status":"passed","title":"❌ Lire les users → refusé ou limité"},{"ancestorTitles":["RLS — Accès non authentifié"],"duration":44,"failing":false,"failureDetails":[],"failureMessages":[],"fullName":"RLS — Accès non authentifié ❌ Créer quoi que ce soit → refusé","invocations":1,"location":null,"numPassingAsserts":1,"retryReasons":[],"startAt":1772481554837,"status":"passed","title":"❌ Créer quoi que ce soit → refusé"},{"ancestorTitles":["RLS — Isolation des données"],"duration":1027,"failing":false,"failureDetails":[{"matcherResult":{"message":"\u001b[2mexpect(\u001b[22m\u001b[31mreceived\u001b[39m\u001b[2m).\u001b[22mtoBeNull\u001b[2m()\u001b[22m\n\nReceived: \u001b[31m{\"hint\": \"Double check your Supabase `anon` or `service_role` API key.\", \"message\": \"Invalid API key\"}\u001b[39m","pass":false}}],"failureMessages":["Error: \u001b[2mexpect(\u001b[22m\u001b[31mreceived\u001b[39m\u001b[2m).\u001b[22mtoBeNull\u001b[2m()\u001b[22m\n\nReceived: \u001b[31m{\"hint\": \"Double check your Supabase `anon` or `service_role` API key.\", \"message\": \"Invalid API key\"}\u001b[39m\n    at Object.<anonymous> (C:\\Users\\kabra\\rork-versus-sport-connect\\__tests__\\e2e\\12-rls-security.test.ts:61:19)\n    at processTicksAndRejections (node:internal/process/task_queues:103:5)"],"fullName":"RLS — Isolation des données ❌ UserA lit les notifications de UserB → refusé","invocations":1,"location":null,"numPassingAsserts":0,"retryReasons":[],"startAt":1772481554881,"status":"failed","title":"❌ UserA lit les notifications de UserB → refusé"},{"ancestorTitles":["RLS — Isolation des données"],"duration":881,"failing":false,"failureDetails":[],"failureMessages":[],"fullName":"RLS — Isolation des données ❌ UserA modifie le profil de UserB → refusé","invocations":1,"location":null,"numPassingAsserts":1,"retryReasons":[],"startAt":1772481555914,"status":"passed","title":"❌ UserA modifie le profil de UserB → refusé"},{"ancestorTitles":["RLS — Injection et manipulation"],"duration":446,"failing":false,"failureDetails":[{"matcherResult":{"message":"\u001b[2mexpect(\u001b[22m\u001b[31mreceived\u001b[39m\u001b[2m).\u001b[22mtoBeNull\u001b[2m()\u001b[22m\n\nReceived: \u001b[31m{\"hint\": \"Double check your Supabase `anon` or `service_role` API key.\", \"message\": \"Invalid API key\"}\u001b[39m","pass":false}}],"failureMessages":["Error: \u001b[2mexpect(\u001b[22m\u001b[31mreceived\u001b[39m\u001b[2m).\u001b[22mtoBeNull\u001b[2m()\u001b[22m\n\nReceived: \u001b[31m{\"hint\": \"Double check your Supabase `anon` or `service_role` API key.\", \"message\": \"Invalid API key\"}\u001b[39m\n    at Object.<anonymous> (C:\\Users\\kabra\\rork-versus-sport-connect\\__tests__\\e2e\\12-rls-security.test.ts:99:19)\n    at processTicksAndRejections (node:internal/process/task_queues:103:5)"],"fullName":"RLS — Injection et manipulation ❌ Injection SQL dans search query → neutralisée","invocations":1,"location":null,"numPassingAsserts":0,"retryReasons":[],"startAt":1772481557013,"status":"failed","title":"❌ Injection SQL dans search query → neutralisée"},{"ancestorTitles":["RLS — Injection et manipulation"],"duration":429,"failing":false,"failureDetails":[],"failureMessages":[],"fullName":"RLS — Injection et manipulation ❌ S'attribuer le rôle admin via API → bloqué","invocations":1,"location":null,"numPassingAsserts":1,"retryReasons":[],"startAt":1772481557459,"status":"passed","title":"❌ S'attribuer le rôle admin via API → bloqué"},{"ancestorTitles":["RLS — Cohérence après bannissement"],"duration":661,"failing":false,"failureDetails":[],"failureMessages":[],"fullName":"RLS — Cohérence après bannissement ✅ User banni → ses données existantes restent en BDD","invocations":1,"location":null,"numPassingAsserts":3,"retryReasons":[],"startAt":1772481557998,"status":"passed","title":"✅ User banni → ses données existantes restent en BDD"}],"endTime":1772481558809,"message":"\u001b[1m\u001b[31m  \u001b[1m● \u001b[22m\u001b[1mRLS — Isolation des données › ❌ UserA lit les notifications de UserB → refusé\u001b[39m\u001b[22m\n\n    \u001b[2mexpect(\u001b[22m\u001b[31mreceived\u001b[39m\u001b[2m).\u001b[22mtoBeNull\u001b[2m()\u001b[22m\n\n    Received: \u001b[31m{\"hint\": \"Double check your Supabase `anon` or `service_role` API key.\", \"message\": \"Invalid API key\"}\u001b[39m\n\u001b[2m\u001b[22m\n\u001b[2m    \u001b[0m \u001b[90m 59 |\u001b[39m       \u001b[33m.\u001b[39meq(\u001b[32m'user_id'\u001b[39m\u001b[33m,\u001b[39m userB\u001b[33m.\u001b[39mid)\u001b[33m;\u001b[39m\u001b[22m\n\u001b[2m     \u001b[90m 60 |\u001b[39m\u001b[22m\n\u001b[2m    \u001b[31m\u001b[1m>\u001b[22m\u001b[2m\u001b[39m\u001b[90m 61 |\u001b[39m     expect(error)\u001b[33m.\u001b[39mtoBeNull()\u001b[33m;\u001b[39m\u001b[22m\n\u001b[2m     \u001b[90m    |\u001b[39m                   \u001b[31m\u001b[1m^\u001b[22m\u001b[2m\u001b[39m\u001b[22m\n\u001b[2m     \u001b[90m 62 |\u001b[39m     expect(\u001b[33mArray\u001b[39m\u001b[33m.\u001b[39misArray(data))\u001b[33m.\u001b[39mtoBe(\u001b[36mtrue\u001b[39m)\u001b[33m;\u001b[39m\u001b[22m\n\u001b[2m     \u001b[90m 63 |\u001b[39m     expect(data\u001b[33m!\u001b[39m\u001b[33m.\u001b[39mlength)\u001b[33m.\u001b[39mtoBe(\u001b[35m0\u001b[39m)\u001b[33m;\u001b[39m\u001b[22m\n\u001b[2m     \u001b[90m 64 |\u001b[39m   })\u001b[33m;\u001b[39m\u001b[0m\u001b[22m\n\u001b[2m\u001b[22m\n\u001b[2m      \u001b[2mat Object.<anonymous> (\u001b[22m\u001b[2m\u001b[0m\u001b[36m__tests__/e2e/12-rls-security.test.ts\u001b[39m\u001b[0m\u001b[2m:61:19)\u001b[22m\u001b[2m\u001b[22m\n\n\u001b[1m\u001b[31m  \u001b[1m● \u001b[22m\u001b[1mRLS — Injection et manipulation › ❌ Injection SQL dans search query → neutralisée\u001b[39m\u001b[22m\n\n    \u001b[2mexpect(\u001b[22m\u001b[31mreceived\u001b[39m\u001b[2m).\u001b[22mtoBeNull\u001b[2m()\u001b[22m\n\n    Received: \u001b[31m{\"hint\": \"Double check your Supabase `anon` or `service_role` API key.\", \"message\": \"Invalid API key\"}\u001b[39m\n\u001b[2m\u001b[22m\n\u001b[2m    \u001b[0m \u001b[90m  97 |\u001b[39m       \u001b[33m.\u001b[39milike(\u001b[32m'username'\u001b[39m\u001b[33m,\u001b[39m \u001b[32m`%${maliciousQuery}%`\u001b[39m)\u001b[33m;\u001b[39m\u001b[22m\n\u001b[2m     \u001b[90m  98 |\u001b[39m\u001b[22m\n\u001b[2m    \u001b[31m\u001b[1m>\u001b[22m\u001b[2m\u001b[39m\u001b[90m  99 |\u001b[39m     expect(error)\u001b[33m.\u001b[39mtoBeNull()\u001b[33m;\u001b[39m\u001b[22m\n\u001b[2m     \u001b[90m     |\u001b[39m                   \u001b[31m\u001b[1m^\u001b[22m\u001b[2m\u001b[39m\u001b[22m\n\u001b[2m     \u001b[90m 100 |\u001b[39m     expect(\u001b[33mArray\u001b[39m\u001b[33m.\u001b[39misArray(data))\u001b[33m.\u001b[39mtoBe(\u001b[36mtrue\u001b[39m)\u001b[33m;\u001b[39m\u001b[22m\n\u001b[2m     \u001b[90m 101 |\u001b[39m     expect(data\u001b[33m!\u001b[39m\u001b[33m.\u001b[39mlength)\u001b[33m.\u001b[39mtoBe(\u001b[35m0\u001b[39m)\u001b[33m;\u001b[39m\u001b[22m\n\u001b[2m     \u001b[90m 102 |\u001b[39m   })\u001b[33m;\u001b[39m\u001b[0m\u001b[22m\n\u001b[2m\u001b[22m\n\u001b[2m      \u001b[2mat Object.<anonymous> (\u001b[22m\u001b[2m\u001b[0m\u001b[36m__tests__/e2e/12-rls-security.test.ts\u001b[39m\u001b[0m\u001b[2m:99:19)\u001b[22m\u001b[2m\u001b[22m\n","name":"C:\\Users\\kabra\\rork-versus-sport-connect\\__tests__\\e2e\\12-rls-security.test.ts","startTime":1772481554751,"status":"failed","summary":""},{"assertionResults":[{"ancestorTitles":["FLOW COMPLET — Nouveau joueur"],"duration":1521,"failing":false,"failureDetails":[],"failureMessages":[],"fullName":"FLOW COMPLET — Nouveau joueur ✅ Inscription → profil complété → rejoindre un match → match joué → ELO mis à jour","invocations":1,"location":null,"numPassingAsserts":8,"retryReasons":[],"startAt":1772481558864,"status":"passed","title":"✅ Inscription → profil complété → rejoindre un match → match joué → ELO mis à jour"},{"ancestorTitles":["FLOW COMPLET — Organisateur de tournoi"],"duration":1096,"failing":false,"failureDetails":[],"failureMessages":[],"fullName":"FLOW COMPLET — Organisateur de tournoi ✅ Créer tournoi → inscrire équipes → valider → générer bracket → déclarer vainqueur","invocations":1,"location":null,"numPassingAsserts":6,"retryReasons":[],"startAt":1772481560827,"status":"passed","title":"✅ Créer tournoi → inscrire équipes → valider → générer bracket → déclarer vainqueur"},{"ancestorTitles":["FLOW COMPLET — Capitaine d'équipe"],"duration":2053,"failing":false,"failureDetails":[],"failureMessages":[],"fullName":"FLOW COMPLET — Capitaine d'équipe ✅ Créer équipe → accepter membres → participer à matchs → stats correctes","invocations":1,"location":null,"numPassingAsserts":6,"retryReasons":[],"startAt":1772481562243,"status":"passed","title":"✅ Créer équipe → accepter membres → participer à matchs → stats correctes"},{"ancestorTitles":["FLOW COMPLET — Contextes React"],"duration":402,"failing":false,"failureDetails":[],"failureMessages":[],"fullName":"FLOW COMPLET — Contextes React ✅ AuthContext : login → user disponible","invocations":1,"location":null,"numPassingAsserts":2,"retryReasons":[],"startAt":1772481564765,"status":"passed","title":"✅ AuthContext : login → user disponible"},{"ancestorTitles":["FLOW COMPLET — Contextes React"],"duration":737,"failing":false,"failureDetails":[],"failureMessages":[],"fullName":"FLOW COMPLET — Contextes React ✅ MatchesContext : créer match → apparaît dans la liste","invocations":1,"location":null,"numPassingAsserts":2,"retryReasons":[],"startAt":1772481565167,"status":"passed","title":"✅ MatchesContext : créer match → apparaît dans la liste"},{"ancestorTitles":["FLOW COMPLET — Contextes React"],"duration":1159,"failing":false,"failureDetails":[],"failureMessages":[],"fullName":"FLOW COMPLET — Contextes React ✅ TeamsContext : rejoindre équipe → apparaît dans mes équipes","invocations":1,"location":null,"numPassingAsserts":2,"retryReasons":[],"startAt":1772481565904,"status":"passed","title":"✅ TeamsContext : rejoindre équipe → apparaît dans mes équipes"}],"endTime":1772481567481,"message":"","name":"C:\\Users\\kabra\\rork-versus-sport-connect\\__tests__\\e2e\\15-integration-flows.test.ts","startTime":1772481558815,"status":"passed","summary":""},{"assertionResults":[{"ancestorTitles":["LIVE SCORING — Initialisation"],"duration":837,"failing":false,"failureDetails":[],"failureMessages":[],"fullName":"LIVE SCORING — Initialisation ✅ Passer match à in_progress → live_match_stats créé en BDD","invocations":1,"location":null,"numPassingAsserts":5,"retryReasons":[],"startAt":1772481567534,"status":"passed","title":"✅ Passer match à in_progress → live_match_stats créé en BDD"},{"ancestorTitles":["LIVE SCORING — Événements / match_events"],"duration":1014,"failing":false,"failureDetails":[],"failureMessages":[],"fullName":"LIVE SCORING — Événements / match_events ✅ Goal home → score_home +1 dans live_match_stats","invocations":1,"location":null,"numPassingAsserts":2,"retryReasons":[],"startAt":1772481568843,"status":"passed","title":"✅ Goal home → score_home +1 dans live_match_stats"},{"ancestorTitles":["LIVE SCORING — Événements / match_events"],"duration":806,"failing":false,"failureDetails":[],"failureMessages":[],"fullName":"LIVE SCORING — Événements / match_events ✅ Goal home → match_event créé : type=\"goal\", team_side=\"home\"","invocations":1,"location":null,"numPassingAsserts":4,"retryReasons":[],"startAt":1772481569857,"status":"passed","title":"✅ Goal home → match_event créé : type=\"goal\", team_side=\"home\""},{"ancestorTitles":["LIVE SCORING — Événements / match_events"],"duration":809,"failing":false,"failureDetails":[],"failureMessages":[],"fullName":"LIVE SCORING — Événements / match_events ✅ Carton jaune → match_event créé : type=\"card\", data contient {color:\"yellow\"}","invocations":1,"location":null,"numPassingAsserts":3,"retryReasons":[],"startAt":1772481570663,"status":"passed","title":"✅ Carton jaune → match_event créé : type=\"card\", data contient {color:\"yellow\"}"},{"ancestorTitles":["LIVE SCORING — Finalisation match ranked"],"duration":1624,"failing":false,"failureDetails":[],"failureMessages":[],"fullName":"LIVE SCORING — Finalisation match ranked ✅ Finaliser match ranked → player_rankings mis à jour","invocations":1,"location":null,"numPassingAsserts":4,"retryReasons":[],"startAt":1772481572042,"status":"passed","title":"✅ Finaliser match ranked → player_rankings mis à jour"}],"endTime":1772481574109,"message":"","name":"C:\\Users\\kabra\\rork-versus-sport-connect\\__tests__\\e2e\\03-live-scoring.test.ts","startTime":1772481567486,"status":"passed","summary":""},{"assertionResults":[{"ancestorTitles":["VENUES — Données"],"duration":113,"failing":false,"failureDetails":[],"failureMessages":[],"fullName":"VENUES — Données ✅ Récupérer tous les terrains → au moins 1 résultat","invocations":1,"location":null,"numPassingAsserts":3,"retryReasons":[],"startAt":1772481574160,"status":"passed","title":"✅ Récupérer tous les terrains → au moins 1 résultat"},{"ancestorTitles":["VENUES — Données"],"duration":103,"failing":false,"failureDetails":[],"failureMessages":[],"fullName":"VENUES — Données ✅ amenities est TEXT[] → pas de JSONB","invocations":1,"location":null,"numPassingAsserts":1,"retryReasons":[],"startAt":1772481574273,"status":"passed","title":"✅ amenities est TEXT[] → pas de JSONB"},{"ancestorTitles":["VENUES — Données"],"duration":104,"failing":false,"failureDetails":[],"failureMessages":[],"fullName":"VENUES — Données ✅ images est TEXT[] → pas de JSONB","invocations":1,"location":null,"numPassingAsserts":1,"retryReasons":[],"startAt":1772481574377,"status":"passed","title":"✅ images est TEXT[] → pas de JSONB"},{"ancestorTitles":["VENUES — Données"],"duration":109,"failing":false,"failureDetails":[],"failureMessages":[],"fullName":"VENUES — Données ✅ sport est JSONB → peut contenir plusieurs sports","invocations":1,"location":null,"numPassingAsserts":1,"retryReasons":[],"startAt":1772481574482,"status":"passed","title":"✅ sport est JSONB → peut contenir plusieurs sports"},{"ancestorTitles":["VENUES — Données"],"duration":106,"failing":false,"failureDetails":[],"failureMessages":[],"fullName":"VENUES — Données ✅ latitude et longitude non null et valides","invocations":1,"location":null,"numPassingAsserts":4,"retryReasons":[],"startAt":1772481574592,"status":"passed","title":"✅ latitude et longitude non null et valides"},{"ancestorTitles":["VENUES — Filtres"],"duration":255,"failing":false,"failureDetails":[],"failureMessages":[],"fullName":"VENUES — Filtres ✅ Filtrer par ville → insensible à la casse","invocations":1,"location":null,"numPassingAsserts":2,"retryReasons":[],"startAt":1772481574698,"status":"passed","title":"✅ Filtrer par ville → insensible à la casse"},{"ancestorTitles":["VENUES — Filtres"],"duration":111,"failing":false,"failureDetails":[],"failureMessages":[],"fullName":"VENUES — Filtres ✅ Trier par price_per_hour ASC → prix croissant","invocations":1,"location":null,"numPassingAsserts":1,"retryReasons":[],"startAt":1772481574953,"status":"passed","title":"✅ Trier par price_per_hour ASC → prix croissant"},{"ancestorTitles":["VENUES — Filtres"],"duration":123,"failing":false,"failureDetails":[],"failureMessages":[],"fullName":"VENUES — Filtres ✅ Trier par rating DESC → mieux notés en premier","invocations":1,"location":null,"numPassingAsserts":1,"retryReasons":[],"startAt":1772481575065,"status":"passed","title":"✅ Trier par rating DESC → mieux notés en premier"},{"ancestorTitles":["VENUES — Filtres"],"duration":113,"failing":false,"failureDetails":[],"failureMessages":[],"fullName":"VENUES — Filtres ❌ Sport inexistant → tableau vide, pas d'erreur","invocations":1,"location":null,"numPassingAsserts":2,"retryReasons":[],"startAt":1772481575189,"status":"passed","title":"❌ Sport inexistant → tableau vide, pas d'erreur"},{"ancestorTitles":["VENUES — Filtres"],"duration":105,"failing":false,"failureDetails":[],"failureMessages":[],"fullName":"VENUES — Filtres ❌ Ville inexistante → tableau vide, pas d'erreur","invocations":1,"location":null,"numPassingAsserts":3,"retryReasons":[],"startAt":1772481575303,"status":"passed","title":"❌ Ville inexistante → tableau vide, pas d'erreur"}],"endTime":1772481575409,"message":"","name":"C:\\Users\\kabra\\rork-versus-sport-connect\\__tests__\\e2e\\09-venues.test.ts","startTime":1772481574114,"status":"passed","summary":""}],"wasInterrupted":false}
